2016-09-27T06:24:48.077Z    -3          0 http://www.sina.com.cn/%E5%85%A8%E5%B1%8F/%E5%8A%A8%E6%80%81%E5%85%A8%E5%B1%8F X http://www.sina.com.cn/ unknown #018 - - - -
 java.net.SocketTimeoutException: Read timed out
	at java.net.SocketInputStream.socketRead0(Native Method)
	at java.net.SocketInputStream.read(SocketInputStream.java:150)
	at java.net.SocketInputStream.read(SocketInputStream.java:121)
	at java.io.BufferedInputStream.fill(BufferedInputStream.java:235)
	at java.io.BufferedInputStream.read(BufferedInputStream.java:254)
	at org.archive.io.RecordingInputStream.read(RecordingInputStream.java:99)
	at org.apache.commons.httpclient.HttpParser.readRawLine(HttpParser.java:78)
	at org.apache.commons.httpclient.HttpParser.readLine(HttpParser.java:106)
	at org.apache.commons.httpclient.HttpConnection.readLine(HttpConnection.java:1149)
	at org.apache.commons.httpclient.HttpMethodBase.readStatusLine(HttpMethodBase.java:1841)
	at org.apache.commons.httpclient.HttpMethodBase.readResponse(HttpMethodBase.java:1599)
	at org.apache.commons.httpclient.HttpMethodBase.execute(HttpMethodBase.java:1002)
	at org.archive.httpclient.HttpRecorderGetMethod.execute(HttpRecorderGetMethod.java:112)
	at org.apache.commons.httpclient.HttpMethodDirector.executeWithRetry(HttpMethodDirector.java:398)
	at org.apache.commons.httpclient.HttpMethodDirector.executeMethod(HttpMethodDirector.java:171)
	at org.apache.commons.httpclient.HttpClient.executeMethod(HttpClient.java:397)
	at org.apache.commons.httpclient.HttpClient.executeMethod(HttpClient.java:346)
	at org.archive.modules.fetcher.FetchHTTP.innerProcess(FetchHTTP.java:646)
	at org.archive.modules.Processor.innerProcessResult(Processor.java:175)
	at org.archive.modules.Processor.process(Processor.java:142)
	at org.archive.modules.fetcher.FetchHTTP.process(FetchHTTP.java:905)
	at org.archive.modules.ProcessorChain.process(ProcessorChain.java:131)
	at org.archive.crawler.framework.ToeThread.run(ToeThread.java:147)
 java.net.SocketTimeoutException: Read timed out
	at java.net.SocketInputStream.socketRead0(Native Method)
	at java.net.SocketInputStream.read(SocketInputStream.java:150)
	at java.net.SocketInputStream.read(SocketInputStream.java:121)
	at java.io.BufferedInputStream.fill(BufferedInputStream.java:235)
	at java.io.BufferedInputStream.read(BufferedInputStream.java:254)
	at org.archive.io.RecordingInputStream.read(RecordingInputStream.java:99)
	at org.apache.commons.httpclient.HttpParser.readRawLine(HttpParser.java:78)
	at org.apache.commons.httpclient.HttpParser.readLine(HttpParser.java:106)
	at org.apache.commons.httpclient.HttpConnection.readLine(HttpConnection.java:1149)
	at org.apache.commons.httpclient.HttpMethodBase.readStatusLine(HttpMethodBase.java:1841)
	at org.apache.commons.httpclient.HttpMethodBase.readResponse(HttpMethodBase.java:1599)
	at org.apache.commons.httpclient.HttpMethodBase.execute(HttpMethodBase.java:1002)
	at org.archive.httpclient.HttpRecorderGetMethod.execute(HttpRecorderGetMethod.java:112)
	at org.apache.commons.httpclient.HttpMethodDirector.executeWithRetry(HttpMethodDirector.java:398)
	at org.apache.commons.httpclient.HttpMethodDirector.executeMethod(HttpMethodDirector.java:171)
	at org.apache.commons.httpclient.HttpClient.executeMethod(HttpClient.java:397)
	at org.apache.commons.httpclient.HttpClient.executeMethod(HttpClient.java:346)
	at org.archive.modules.fetcher.FetchHTTP.innerProcess(FetchHTTP.java:646)
	at org.archive.modules.Processor.innerProcessResult(Processor.java:175)
	at org.archive.modules.Processor.process(Processor.java:142)
	at org.archive.modules.fetcher.FetchHTTP.process(FetchHTTP.java:905)
	at org.archive.modules.ProcessorChain.process(ProcessorChain.java:131)
	at org.archive.crawler.framework.ToeThread.run(ToeThread.java:147)
2016-09-27T06:24:48.138Z    -3          0 http://zhiyuan.edu.sina.com.cn/api/?p=api&s=api&a=count_stat X http://www.sina.com.cn/ unknown #009 - - - -
 java.net.SocketTimeoutException: Read timed out
	at java.net.SocketInputStream.socketRead0(Native Method)
	at java.net.SocketInputStream.read(SocketInputStream.java:150)
	at java.net.SocketInputStream.read(SocketInputStream.java:121)
	at java.io.BufferedInputStream.fill(BufferedInputStream.java:235)
	at java.io.BufferedInputStream.read(BufferedInputStream.java:254)
	at org.archive.io.RecordingInputStream.read(RecordingInputStream.java:99)
	at org.apache.commons.httpclient.HttpParser.readRawLine(HttpParser.java:78)
	at org.apache.commons.httpclient.HttpParser.readLine(HttpParser.java:106)
	at org.apache.commons.httpclient.HttpConnection.readLine(HttpConnection.java:1149)
	at org.apache.commons.httpclient.HttpMethodBase.readStatusLine(HttpMethodBase.java:1841)
	at org.apache.commons.httpclient.HttpMethodBase.readResponse(HttpMethodBase.java:1599)
	at org.apache.commons.httpclient.HttpMethodBase.execute(HttpMethodBase.java:1002)
	at org.archive.httpclient.HttpRecorderGetMethod.execute(HttpRecorderGetMethod.java:112)
	at org.apache.commons.httpclient.HttpMethodDirector.executeWithRetry(HttpMethodDirector.java:398)
	at org.apache.commons.httpclient.HttpMethodDirector.executeMethod(HttpMethodDirector.java:171)
	at org.apache.commons.httpclient.HttpClient.executeMethod(HttpClient.java:397)
	at org.apache.commons.httpclient.HttpClient.executeMethod(HttpClient.java:346)
	at org.archive.modules.fetcher.FetchHTTP.innerProcess(FetchHTTP.java:646)
	at org.archive.modules.Processor.innerProcessResult(Processor.java:175)
	at org.archive.modules.Processor.process(Processor.java:142)
	at org.archive.modules.fetcher.FetchHTTP.process(FetchHTTP.java:905)
	at org.archive.modules.ProcessorChain.process(ProcessorChain.java:131)
	at org.archive.crawler.framework.ToeThread.run(ToeThread.java:147)
 java.net.SocketTimeoutException: Read timed out
	at java.net.SocketInputStream.socketRead0(Native Method)
	at java.net.SocketInputStream.read(SocketInputStream.java:150)
	at java.net.SocketInputStream.read(SocketInputStream.java:121)
	at java.io.BufferedInputStream.fill(BufferedInputStream.java:235)
	at java.io.BufferedInputStream.read(BufferedInputStream.java:254)
	at org.archive.io.RecordingInputStream.read(RecordingInputStream.java:99)
	at org.apache.commons.httpclient.HttpParser.readRawLine(HttpParser.java:78)
	at org.apache.commons.httpclient.HttpParser.readLine(HttpParser.java:106)
	at org.apache.commons.httpclient.HttpConnection.readLine(HttpConnection.java:1149)
	at org.apache.commons.httpclient.HttpMethodBase.readStatusLine(HttpMethodBase.java:1841)
	at org.apache.commons.httpclient.HttpMethodBase.readResponse(HttpMethodBase.java:1599)
	at org.apache.commons.httpclient.HttpMethodBase.execute(HttpMethodBase.java:1002)
	at org.archive.httpclient.HttpRecorderGetMethod.execute(HttpRecorderGetMethod.java:112)
	at org.apache.commons.httpclient.HttpMethodDirector.executeWithRetry(HttpMethodDirector.java:398)
	at org.apache.commons.httpclient.HttpMethodDirector.executeMethod(HttpMethodDirector.java:171)
	at org.apache.commons.httpclient.HttpClient.executeMethod(HttpClient.java:397)
	at org.apache.commons.httpclient.HttpClient.executeMethod(HttpClient.java:346)
	at org.archive.modules.fetcher.FetchHTTP.innerProcess(FetchHTTP.java:646)
	at org.archive.modules.Processor.innerProcessResult(Processor.java:175)
	at org.archive.modules.Processor.process(Processor.java:142)
	at org.archive.modules.fetcher.FetchHTTP.process(FetchHTTP.java:905)
	at org.archive.modules.ProcessorChain.process(ProcessorChain.java:131)
	at org.archive.crawler.framework.ToeThread.run(ToeThread.java:147)
2016-09-27T06:26:19.245Z    -2        169 http://d00.sina.com.cn/a.gif EX http://d3.sina.com.cn/litong/zhitou/sinaads/release/sinaads.js unknown #017 - - - -
 java.net.SocketTimeoutException: connect timed out: timeout set at 20000ms.
	at org.archive.modules.fetcher.HeritrixProtocolSocketFactory.createSocket(HeritrixProtocolSocketFactory.java:133)
	at org.apache.commons.httpclient.HttpConnection.open(HttpConnection.java:709)
	at org.apache.commons.httpclient.HttpMethodDirector.executeWithRetry(HttpMethodDirector.java:387)
	at org.apache.commons.httpclient.HttpMethodDirector.executeMethod(HttpMethodDirector.java:171)
	at org.apache.commons.httpclient.HttpClient.executeMethod(HttpClient.java:397)
	at org.apache.commons.httpclient.HttpClient.executeMethod(HttpClient.java:346)
	at org.archive.modules.fetcher.FetchHTTP.innerProcess(FetchHTTP.java:646)
	at org.archive.modules.Processor.innerProcessResult(Processor.java:175)
	at org.archive.modules.Processor.process(Processor.java:142)
	at org.archive.modules.fetcher.FetchHTTP.process(FetchHTTP.java:905)
	at org.archive.modules.ProcessorChain.process(ProcessorChain.java:131)
	at org.archive.crawler.framework.ToeThread.run(ToeThread.java:147)
 java.net.SocketTimeoutException: connect timed out: timeout set at 20000ms.
	at org.archive.modules.fetcher.HeritrixProtocolSocketFactory.createSocket(HeritrixProtocolSocketFactory.java:133)
	at org.apache.commons.httpclient.HttpConnection.open(HttpConnection.java:709)
	at org.apache.commons.httpclient.HttpMethodDirector.executeWithRetry(HttpMethodDirector.java:387)
	at org.apache.commons.httpclient.HttpMethodDirector.executeMethod(HttpMethodDirector.java:171)
	at org.apache.commons.httpclient.HttpClient.executeMethod(HttpClient.java:397)
	at org.apache.commons.httpclient.HttpClient.executeMethod(HttpClient.java:346)
	at org.archive.modules.fetcher.FetchHTTP.innerProcess(FetchHTTP.java:646)
	at org.archive.modules.Processor.innerProcessResult(Processor.java:175)
	at org.archive.modules.Processor.process(Processor.java:142)
	at org.archive.modules.fetcher.FetchHTTP.process(FetchHTTP.java:905)
	at org.archive.modules.ProcessorChain.process(ProcessorChain.java:131)
	at org.archive.crawler.framework.ToeThread.run(ToeThread.java:147)
