2016-09-27T06:24:14Z CRAWL RUNNING - Running
2016-09-27T06:24:18Z           3           1            2         0.1(0.4)       0(0)             0             0        93607        158720            1           1           1
2016-09-27T06:24:38Z CRAWL WAITING - Pausing - Waiting for threads to finish
2016-09-27T06:24:38Z        1085         631          272      13.5(10.87)    105(84)             0             3        49985        158528            1         407          12
2016-09-27T06:24:48Z        1085         630          273         0.1(7.8)      0(60)             0             0        51075        158528            1         407          12
2016-09-27T06:24:48Z CRAWL PAUSED - Paused
2016-09-27T06:24:58Z        1085         630          273           0(7.8)      0(60)             0             0        51075        158528            1         407          12
2016-09-27T06:25:18Z        1085         630          273           0(7.8)      0(60)             0             0        51103        158528            1         407          12
2016-09-27T06:25:38Z        1085         630          273           0(7.8)      0(60)             0             0        51103        158528            1         407          12
2016-09-27T06:25:55Z CRAWL RUNNING - Running
2016-09-27T06:25:58Z        1115         624          309        1.8(7.95)      6(57)             0             1        62895        158528            1         416          14
2016-09-27T06:26:18Z        1350         735          433        6.2(7.36)    164(93)             0             1        71375        177152            1         496          31
2016-09-27T06:26:38Z        1396         745          469        1.8(5.95)     14(73)             0             1        87467        177152            1         541          53
2016-09-27T06:26:58Z        1437         767          488       0.95(4.94)      8(60)             0             2        95083        177152            1         582          59
2016-09-27T06:27:18Z        1491         796          513       1.25(4.32)    215(86)             0             0        56925        151744            1         633          61
2016-09-27T06:27:38Z        1491         775          534       1.05(3.85)     43(80)             0             1        67049        151744            1         633          59
2016-09-27T06:27:58Z CRAWL ENDING - Finished - Ended by operator
2016-09-27T06:27:58Z        1492         756          554          1(3.49)   280(105)             0             0        75204        151744            1         633          63
2016-09-27T06:28:02Z CRAWL ENDED - Finished - Ended by operator
2016-09-27T06:28:02Z        1492         756          554          0(3.42)     0(103)             0             0        75337        151744            1         633          63
