2016-09-28T03:16:06.711Z   404        162 https://login.sina.com.cn/robots.txt EXRP https://login.sina.com.cn/ text/html #008 20160928031606430+275 sha1:TFF4MZ3SBQQSK5IA4KIDRQNF6YPCLWQ6 - -
 java.io.IOException: Can not rename F:\myproject\hetrixtest2\.\mirror\login.sina.com.cn\robots.txtN to F:\myproject\hetrixtest2\.\mirror\login.sina.com.cn\robots.txt
	at org.archive.modules.writer.MirrorWriterProcessor.writeToPath(MirrorWriterProcessor.java:742)
	at org.archive.modules.writer.MirrorWriterProcessor.innerProcess(MirrorWriterProcessor.java:416)
	at org.archive.modules.Processor.innerProcessResult(Processor.java:175)
	at org.archive.modules.Processor.process(Processor.java:142)
	at org.archive.modules.ProcessorChain.process(ProcessorChain.java:131)
	at org.archive.crawler.framework.ToeThread.run(ToeThread.java:151)
 java.io.IOException: Can not rename F:\myproject\hetrixtest2\.\mirror\login.sina.com.cn\robots.txtN to F:\myproject\hetrixtest2\.\mirror\login.sina.com.cn\robots.txt
	at org.archive.modules.writer.MirrorWriterProcessor.writeToPath(MirrorWriterProcessor.java:742)
	at org.archive.modules.writer.MirrorWriterProcessor.innerProcess(MirrorWriterProcessor.java:416)
	at org.archive.modules.Processor.innerProcessResult(Processor.java:175)
	at org.archive.modules.Processor.process(Processor.java:142)
	at org.archive.modules.ProcessorChain.process(ProcessorChain.java:131)
	at org.archive.crawler.framework.ToeThread.run(ToeThread.java:151)
2016-09-28T03:16:09.711Z   404        162 http://passport.weibo.com/robots.txt EXP http://passport.weibo.com/visitor/visitor text/html #020 20160928031609657+50 sha1:TFF4MZ3SBQQSK5IA4KIDRQNF6YPCLWQ6 - -
 java.io.IOException: Can not rename F:\myproject\hetrixtest2\.\mirror\passport.weibo.com\robots.txtN to F:\myproject\hetrixtest2\.\mirror\passport.weibo.com\robots.txt
	at org.archive.modules.writer.MirrorWriterProcessor.writeToPath(MirrorWriterProcessor.java:742)
	at org.archive.modules.writer.MirrorWriterProcessor.innerProcess(MirrorWriterProcessor.java:416)
	at org.archive.modules.Processor.innerProcessResult(Processor.java:175)
	at org.archive.modules.Processor.process(Processor.java:142)
	at org.archive.modules.ProcessorChain.process(ProcessorChain.java:131)
	at org.archive.crawler.framework.ToeThread.run(ToeThread.java:151)
 java.io.IOException: Can not rename F:\myproject\hetrixtest2\.\mirror\passport.weibo.com\robots.txtN to F:\myproject\hetrixtest2\.\mirror\passport.weibo.com\robots.txt
	at org.archive.modules.writer.MirrorWriterProcessor.writeToPath(MirrorWriterProcessor.java:742)
	at org.archive.modules.writer.MirrorWriterProcessor.innerProcess(MirrorWriterProcessor.java:416)
	at org.archive.modules.Processor.innerProcessResult(Processor.java:175)
	at org.archive.modules.Processor.process(Processor.java:142)
	at org.archive.modules.ProcessorChain.process(ProcessorChain.java:131)
	at org.archive.crawler.framework.ToeThread.run(ToeThread.java:151)
2016-09-28T03:16:18.916Z   200        295 https://www.jd.com/robots.txt EXRRP https://www.jd.com/ text/plain #024 20160928031618843+69 sha1:3HSFWGN37IBKXUD43VMKE3PFZEL2DKEI - -
 java.io.IOException: Can not rename F:\myproject\hetrixtest2\.\mirror\www.jd.com\robots.txtN to F:\myproject\hetrixtest2\.\mirror\www.jd.com\robots.txt
	at org.archive.modules.writer.MirrorWriterProcessor.writeToPath(MirrorWriterProcessor.java:742)
	at org.archive.modules.writer.MirrorWriterProcessor.innerProcess(MirrorWriterProcessor.java:416)
	at org.archive.modules.Processor.innerProcessResult(Processor.java:175)
	at org.archive.modules.Processor.process(Processor.java:142)
	at org.archive.modules.ProcessorChain.process(ProcessorChain.java:131)
	at org.archive.crawler.framework.ToeThread.run(ToeThread.java:151)
 java.io.IOException: Can not rename F:\myproject\hetrixtest2\.\mirror\www.jd.com\robots.txtN to F:\myproject\hetrixtest2\.\mirror\www.jd.com\robots.txt
	at org.archive.modules.writer.MirrorWriterProcessor.writeToPath(MirrorWriterProcessor.java:742)
	at org.archive.modules.writer.MirrorWriterProcessor.innerProcess(MirrorWriterProcessor.java:416)
	at org.archive.modules.Processor.innerProcessResult(Processor.java:175)
	at org.archive.modules.Processor.process(Processor.java:142)
	at org.archive.modules.ProcessorChain.process(ProcessorChain.java:131)
	at org.archive.crawler.framework.ToeThread.run(ToeThread.java:151)
2016-09-28T03:16:22.068Z   200     201313 https://www.jd.com/ EXRR http://www.jd.com/ text/html #024 20160928031621918+101 sha1:NKAOWLTES6UUC2WQMGF5IXWC6HYSKK4W - -
 java.io.IOException: Can not rename F:\myproject\hetrixtest2\.\mirror\www.jd.com\index.htmlN to F:\myproject\hetrixtest2\.\mirror\www.jd.com\index.html
	at org.archive.modules.writer.MirrorWriterProcessor.writeToPath(MirrorWriterProcessor.java:742)
	at org.archive.modules.writer.MirrorWriterProcessor.innerProcess(MirrorWriterProcessor.java:416)
	at org.archive.modules.Processor.innerProcessResult(Processor.java:175)
	at org.archive.modules.Processor.process(Processor.java:142)
	at org.archive.modules.ProcessorChain.process(ProcessorChain.java:131)
	at org.archive.crawler.framework.ToeThread.run(ToeThread.java:151)
 java.io.IOException: Can not rename F:\myproject\hetrixtest2\.\mirror\www.jd.com\index.htmlN to F:\myproject\hetrixtest2\.\mirror\www.jd.com\index.html
	at org.archive.modules.writer.MirrorWriterProcessor.writeToPath(MirrorWriterProcessor.java:742)
	at org.archive.modules.writer.MirrorWriterProcessor.innerProcess(MirrorWriterProcessor.java:416)
	at org.archive.modules.Processor.innerProcessResult(Processor.java:175)
	at org.archive.modules.Processor.process(Processor.java:142)
	at org.archive.modules.ProcessorChain.process(ProcessorChain.java:131)
	at org.archive.crawler.framework.ToeThread.run(ToeThread.java:151)
2016-09-28T03:16:27.997Z   200        281 https://get.adobe.com/robots.txt EXRRRP https://get.adobe.com/flashplayer/ text/plain #004 20160928031626349+1636 sha1:RYNZJMPCOPM4DB7LRA5THGS3Q6YBUNYY - -
 java.io.IOException: Can not rename F:\myproject\hetrixtest2\.\mirror\get.adobe.com\robots.txtN to F:\myproject\hetrixtest2\.\mirror\get.adobe.com\robots.txt
	at org.archive.modules.writer.MirrorWriterProcessor.writeToPath(MirrorWriterProcessor.java:742)
	at org.archive.modules.writer.MirrorWriterProcessor.innerProcess(MirrorWriterProcessor.java:416)
	at org.archive.modules.Processor.innerProcessResult(Processor.java:175)
	at org.archive.modules.Processor.process(Processor.java:142)
	at org.archive.modules.ProcessorChain.process(ProcessorChain.java:131)
	at org.archive.crawler.framework.ToeThread.run(ToeThread.java:151)
 java.io.IOException: Can not rename F:\myproject\hetrixtest2\.\mirror\get.adobe.com\robots.txtN to F:\myproject\hetrixtest2\.\mirror\get.adobe.com\robots.txt
	at org.archive.modules.writer.MirrorWriterProcessor.writeToPath(MirrorWriterProcessor.java:742)
	at org.archive.modules.writer.MirrorWriterProcessor.innerProcess(MirrorWriterProcessor.java:416)
	at org.archive.modules.Processor.innerProcessResult(Processor.java:175)
	at org.archive.modules.Processor.process(Processor.java:142)
	at org.archive.modules.ProcessorChain.process(ProcessorChain.java:131)
	at org.archive.crawler.framework.ToeThread.run(ToeThread.java:151)
2016-09-28T03:16:37.510Z   200      24879 https://get.adobe.com/flashplayer/ EXRRR http://get.adobe.com/flashplayer/ text/html #016 20160928031636262+1231 sha1:EUUEW5OY7ZCBDLWCPC6S24WCCFXI4BHW - -
 java.io.IOException: Can not rename F:\myproject\hetrixtest2\.\mirror\get.adobe.com\flashplayer1\index.htmlN to F:\myproject\hetrixtest2\.\mirror\get.adobe.com\flashplayer1\index.html
	at org.archive.modules.writer.MirrorWriterProcessor.writeToPath(MirrorWriterProcessor.java:742)
	at org.archive.modules.writer.MirrorWriterProcessor.innerProcess(MirrorWriterProcessor.java:416)
	at org.archive.modules.Processor.innerProcessResult(Processor.java:175)
	at org.archive.modules.Processor.process(Processor.java:142)
	at org.archive.modules.ProcessorChain.process(ProcessorChain.java:131)
	at org.archive.crawler.framework.ToeThread.run(ToeThread.java:151)
 java.io.IOException: Can not rename F:\myproject\hetrixtest2\.\mirror\get.adobe.com\flashplayer1\index.htmlN to F:\myproject\hetrixtest2\.\mirror\get.adobe.com\flashplayer1\index.html
	at org.archive.modules.writer.MirrorWriterProcessor.writeToPath(MirrorWriterProcessor.java:742)
	at org.archive.modules.writer.MirrorWriterProcessor.innerProcess(MirrorWriterProcessor.java:416)
	at org.archive.modules.Processor.innerProcessResult(Processor.java:175)
	at org.archive.modules.Processor.process(Processor.java:142)
	at org.archive.modules.ProcessorChain.process(ProcessorChain.java:131)
	at org.archive.crawler.framework.ToeThread.run(ToeThread.java:151)
2016-09-28T03:16:38.670Z   404         16 http://login.sina.com.cn/sso/'http://login.sina.com.cn/signup/signin.php?entry=sso' EXR http://login.sina.com.cn/sso/login.php text/html #024 20160928031638590+79 sha1:7NX7QKJ7URPBPOUX7BEVJZ6R2WYNHD4H - -
 java.io.IOException: Can not mkdir F:\myproject\hetrixtest2\.\mirror\login.sina.com.cn\sso\'http:
	at org.archive.modules.writer.MirrorWriterProcessor$DirSegment.addToPath(MirrorWriterProcessor.java:994)
	at org.archive.modules.writer.MirrorWriterProcessor.dirPath(MirrorWriterProcessor.java:452)
	at org.archive.modules.writer.MirrorWriterProcessor.uriToFile(MirrorWriterProcessor.java:697)
	at org.archive.modules.writer.MirrorWriterProcessor.uriToFile(MirrorWriterProcessor.java:582)
	at org.archive.modules.writer.MirrorWriterProcessor.innerProcess(MirrorWriterProcessor.java:407)
	at org.archive.modules.Processor.innerProcessResult(Processor.java:175)
	at org.archive.modules.Processor.process(Processor.java:142)
	at org.archive.modules.ProcessorChain.process(ProcessorChain.java:131)
	at org.archive.crawler.framework.ToeThread.run(ToeThread.java:151)
 java.io.IOException: Can not mkdir F:\myproject\hetrixtest2\.\mirror\login.sina.com.cn\sso\'http:
	at org.archive.modules.writer.MirrorWriterProcessor$DirSegment.addToPath(MirrorWriterProcessor.java:994)
	at org.archive.modules.writer.MirrorWriterProcessor.dirPath(MirrorWriterProcessor.java:452)
	at org.archive.modules.writer.MirrorWriterProcessor.uriToFile(MirrorWriterProcessor.java:697)
	at org.archive.modules.writer.MirrorWriterProcessor.uriToFile(MirrorWriterProcessor.java:582)
	at org.archive.modules.writer.MirrorWriterProcessor.innerProcess(MirrorWriterProcessor.java:407)
	at org.archive.modules.Processor.innerProcessResult(Processor.java:175)
	at org.archive.modules.Processor.process(Processor.java:142)
	at org.archive.modules.ProcessorChain.process(ProcessorChain.java:131)
	at org.archive.crawler.framework.ToeThread.run(ToeThread.java:151)
2016-09-28T03:20:11.478Z   404       1010 http://www.sina.com.cn/ABCDEFGHIJKLMNOPQRSTUVWXYZabcdefghijklmnopqrstuvwxyz0123456789+/= X http://www.sina.com.cn/ text/html #004 20160928032011412+65 sha1:UPJJJB3BXJN57F2SDRSXLKQGMONSEOZU - usingCharsetInHTML:GB2312
 java.io.FileNotFoundException: .\mirror\www.sina.com.cn\ABCDEFGHIJKLMNOPQRSTUVWXYZabcdefghijklmnopqrstuvwxyz0123456789 \=N (系统找不到指定的路径。)
	at java.io.FileOutputStream.open(Native Method)
	at java.io.FileOutputStream.<init>(FileOutputStream.java:212)
	at java.io.FileOutputStream.<init>(FileOutputStream.java:165)
	at org.archive.modules.writer.MirrorWriterProcessor.writeToPath(MirrorWriterProcessor.java:734)
	at org.archive.modules.writer.MirrorWriterProcessor.innerProcess(MirrorWriterProcessor.java:416)
	at org.archive.modules.Processor.innerProcessResult(Processor.java:175)
	at org.archive.modules.Processor.process(Processor.java:142)
	at org.archive.modules.ProcessorChain.process(ProcessorChain.java:131)
	at org.archive.crawler.framework.ToeThread.run(ToeThread.java:151)
 java.io.FileNotFoundException: .\mirror\www.sina.com.cn\ABCDEFGHIJKLMNOPQRSTUVWXYZabcdefghijklmnopqrstuvwxyz0123456789 \=N (系统找不到指定的路径。)
	at java.io.FileOutputStream.open(Native Method)
	at java.io.FileOutputStream.<init>(FileOutputStream.java:212)
	at java.io.FileOutputStream.<init>(FileOutputStream.java:165)
	at org.archive.modules.writer.MirrorWriterProcessor.writeToPath(MirrorWriterProcessor.java:734)
	at org.archive.modules.writer.MirrorWriterProcessor.innerProcess(MirrorWriterProcessor.java:416)
	at org.archive.modules.Processor.innerProcessResult(Processor.java:175)
	at org.archive.modules.Processor.process(Processor.java:142)
	at org.archive.modules.ProcessorChain.process(ProcessorChain.java:131)
	at org.archive.crawler.framework.ToeThread.run(ToeThread.java:151)
2016-09-28T03:22:41.559Z   200      19663 http://data.auto.sina.com.cn/car_compare_new/ajax/getBrands2searchNew.php?callbk=? EX http://www.sina.com.cn/js/96/2015/home/chooseCars.js text/html #016 20160928032241415+141 sha1:5ECMUPUTRYEWK2ZJIZYM4G4EOHCSQB7X - -
 java.io.FileNotFoundException: .\mirror\data.auto.sina.com.cn\car_compare_new\ajax\getBrands2searchNewcallbk=?.phpN (文件名、目录名或卷标语法不正确。)
	at java.io.FileOutputStream.open(Native Method)
	at java.io.FileOutputStream.<init>(FileOutputStream.java:212)
	at java.io.FileOutputStream.<init>(FileOutputStream.java:165)
	at org.archive.modules.writer.MirrorWriterProcessor.writeToPath(MirrorWriterProcessor.java:734)
	at org.archive.modules.writer.MirrorWriterProcessor.innerProcess(MirrorWriterProcessor.java:416)
	at org.archive.modules.Processor.innerProcessResult(Processor.java:175)
	at org.archive.modules.Processor.process(Processor.java:142)
	at org.archive.modules.ProcessorChain.process(ProcessorChain.java:131)
	at org.archive.crawler.framework.ToeThread.run(ToeThread.java:151)
 java.io.FileNotFoundException: .\mirror\data.auto.sina.com.cn\car_compare_new\ajax\getBrands2searchNewcallbk=?.phpN (文件名、目录名或卷标语法不正确。)
	at java.io.FileOutputStream.open(Native Method)
	at java.io.FileOutputStream.<init>(FileOutputStream.java:212)
	at java.io.FileOutputStream.<init>(FileOutputStream.java:165)
	at org.archive.modules.writer.MirrorWriterProcessor.writeToPath(MirrorWriterProcessor.java:734)
	at org.archive.modules.writer.MirrorWriterProcessor.innerProcess(MirrorWriterProcessor.java:416)
	at org.archive.modules.Processor.innerProcessResult(Processor.java:175)
	at org.archive.modules.Processor.process(Processor.java:142)
	at org.archive.modules.ProcessorChain.process(ProcessorChain.java:131)
	at org.archive.crawler.framework.ToeThread.run(ToeThread.java:151)
2016-09-28T03:22:44.607Z   404       1010 http://www.sina.com.cn/robots.txt XPR http://sina.com.cn/robots.txt text/html #010 20160928032244570+24 sha1:UPJJJB3BXJN57F2SDRSXLKQGMONSEOZU - usingCharsetInHTML:GB2312
 java.io.IOException: Can not rename F:\myproject\hetrixtest2\.\mirror\www.sina.com.cn\robots.txtN to F:\myproject\hetrixtest2\.\mirror\www.sina.com.cn\robots.txt
	at org.archive.modules.writer.MirrorWriterProcessor.writeToPath(MirrorWriterProcessor.java:742)
	at org.archive.modules.writer.MirrorWriterProcessor.innerProcess(MirrorWriterProcessor.java:416)
	at org.archive.modules.Processor.innerProcessResult(Processor.java:175)
	at org.archive.modules.Processor.process(Processor.java:142)
	at org.archive.modules.ProcessorChain.process(ProcessorChain.java:131)
	at org.archive.crawler.framework.ToeThread.run(ToeThread.java:151)
 java.io.IOException: Can not rename F:\myproject\hetrixtest2\.\mirror\www.sina.com.cn\robots.txtN to F:\myproject\hetrixtest2\.\mirror\www.sina.com.cn\robots.txt
	at org.archive.modules.writer.MirrorWriterProcessor.writeToPath(MirrorWriterProcessor.java:742)
	at org.archive.modules.writer.MirrorWriterProcessor.innerProcess(MirrorWriterProcessor.java:416)
	at org.archive.modules.Processor.innerProcessResult(Processor.java:175)
	at org.archive.modules.Processor.process(Processor.java:142)
	at org.archive.modules.ProcessorChain.process(ProcessorChain.java:131)
	at org.archive.crawler.framework.ToeThread.run(ToeThread.java:151)
2016-09-28T03:23:15.093Z   404       1010 http://www.sina.com.cn/license/ABCDEFGHIJKLMNOPQRSTUVWXYZabcdefghijklmnopqrstuvwxyz0123456789+/= LX http://www.sina.com.cn/license/map2011.html text/html #008 20160928032315031+58 sha1:UPJJJB3BXJN57F2SDRSXLKQGMONSEOZU - usingCharsetInHTML:GB2312
 java.io.FileNotFoundException: .\mirror\www.sina.com.cn\license\ABCDEFGHIJKLMNOPQRSTUVWXYZabcdefghijklmnopqrstuvwxyz0123456789 \=N (系统找不到指定的路径。)
	at java.io.FileOutputStream.open(Native Method)
	at java.io.FileOutputStream.<init>(FileOutputStream.java:212)
	at java.io.FileOutputStream.<init>(FileOutputStream.java:165)
	at org.archive.modules.writer.MirrorWriterProcessor.writeToPath(MirrorWriterProcessor.java:734)
	at org.archive.modules.writer.MirrorWriterProcessor.innerProcess(MirrorWriterProcessor.java:416)
	at org.archive.modules.Processor.innerProcessResult(Processor.java:175)
	at org.archive.modules.Processor.process(Processor.java:142)
	at org.archive.modules.ProcessorChain.process(ProcessorChain.java:131)
	at org.archive.crawler.framework.ToeThread.run(ToeThread.java:151)
 java.io.FileNotFoundException: .\mirror\www.sina.com.cn\license\ABCDEFGHIJKLMNOPQRSTUVWXYZabcdefghijklmnopqrstuvwxyz0123456789 \=N (系统找不到指定的路径。)
	at java.io.FileOutputStream.open(Native Method)
	at java.io.FileOutputStream.<init>(FileOutputStream.java:212)
	at java.io.FileOutputStream.<init>(FileOutputStream.java:165)
	at org.archive.modules.writer.MirrorWriterProcessor.writeToPath(MirrorWriterProcessor.java:734)
	at org.archive.modules.writer.MirrorWriterProcessor.innerProcess(MirrorWriterProcessor.java:416)
	at org.archive.modules.Processor.innerProcessResult(Processor.java:175)
	at org.archive.modules.Processor.process(Processor.java:142)
	at org.archive.modules.ProcessorChain.process(ProcessorChain.java:131)
	at org.archive.crawler.framework.ToeThread.run(ToeThread.java:151)
2016-09-28T03:24:41.539Z   404       1010 http://www.sina.com.cn/mid/ABCDEFGHIJKLMNOPQRSTUVWXYZabcdefghijklmnopqrstuvwxyz0123456789+/= LX http://www.sina.com.cn/mid/search.shtml?q=%E5%89%8D%E9%A6%96%E5%AF%8C%E7%89%9F%E5%85%B6%E4%B8%AD%E5%87%BA%E7%8B%B1 text/html #001 20160928032441470+65 sha1:UPJJJB3BXJN57F2SDRSXLKQGMONSEOZU - usingCharsetInHTML:GB2312
 java.io.FileNotFoundException: .\mirror\www.sina.com.cn\mid\ABCDEFGHIJKLMNOPQRSTUVWXYZabcdefghijklmnopqrstuvwxyz0123456789 \=N (系统找不到指定的路径。)
	at java.io.FileOutputStream.open(Native Method)
	at java.io.FileOutputStream.<init>(FileOutputStream.java:212)
	at java.io.FileOutputStream.<init>(FileOutputStream.java:165)
	at org.archive.modules.writer.MirrorWriterProcessor.writeToPath(MirrorWriterProcessor.java:734)
	at org.archive.modules.writer.MirrorWriterProcessor.innerProcess(MirrorWriterProcessor.java:416)
	at org.archive.modules.Processor.innerProcessResult(Processor.java:175)
	at org.archive.modules.Processor.process(Processor.java:142)
	at org.archive.modules.ProcessorChain.process(ProcessorChain.java:131)
	at org.archive.crawler.framework.ToeThread.run(ToeThread.java:151)
 java.io.FileNotFoundException: .\mirror\www.sina.com.cn\mid\ABCDEFGHIJKLMNOPQRSTUVWXYZabcdefghijklmnopqrstuvwxyz0123456789 \=N (系统找不到指定的路径。)
	at java.io.FileOutputStream.open(Native Method)
	at java.io.FileOutputStream.<init>(FileOutputStream.java:212)
	at java.io.FileOutputStream.<init>(FileOutputStream.java:165)
	at org.archive.modules.writer.MirrorWriterProcessor.writeToPath(MirrorWriterProcessor.java:734)
	at org.archive.modules.writer.MirrorWriterProcessor.innerProcess(MirrorWriterProcessor.java:416)
	at org.archive.modules.Processor.innerProcessResult(Processor.java:175)
	at org.archive.modules.Processor.process(Processor.java:142)
	at org.archive.modules.ProcessorChain.process(ProcessorChain.java:131)
	at org.archive.crawler.framework.ToeThread.run(ToeThread.java:151)
2016-09-28T03:47:34.291Z   404       1010 http://www.sina.com.cn/licence/ABCDEFGHIJKLMNOPQRSTUVWXYZabcdefghijklmnopqrstuvwxyz0123456789+/= LX http://www.sina.com.cn/licence/4.html text/html #019 20160928034734275+14 sha1:UPJJJB3BXJN57F2SDRSXLKQGMONSEOZU - usingCharsetInHTML:GB2312
 java.io.FileNotFoundException: .\mirror\www.sina.com.cn\licence\ABCDEFGHIJKLMNOPQRSTUVWXYZabcdefghijklmnopqrstuvwxyz0123456789 \=N (系统找不到指定的路径。)
	at java.io.FileOutputStream.open(Native Method)
	at java.io.FileOutputStream.<init>(FileOutputStream.java:212)
	at java.io.FileOutputStream.<init>(FileOutputStream.java:165)
	at org.archive.modules.writer.MirrorWriterProcessor.writeToPath(MirrorWriterProcessor.java:734)
	at org.archive.modules.writer.MirrorWriterProcessor.innerProcess(MirrorWriterProcessor.java:416)
	at org.archive.modules.Processor.innerProcessResult(Processor.java:175)
	at org.archive.modules.Processor.process(Processor.java:142)
	at org.archive.modules.ProcessorChain.process(ProcessorChain.java:131)
	at org.archive.crawler.framework.ToeThread.run(ToeThread.java:151)
 java.io.FileNotFoundException: .\mirror\www.sina.com.cn\licence\ABCDEFGHIJKLMNOPQRSTUVWXYZabcdefghijklmnopqrstuvwxyz0123456789 \=N (系统找不到指定的路径。)
	at java.io.FileOutputStream.open(Native Method)
	at java.io.FileOutputStream.<init>(FileOutputStream.java:212)
	at java.io.FileOutputStream.<init>(FileOutputStream.java:165)
	at org.archive.modules.writer.MirrorWriterProcessor.writeToPath(MirrorWriterProcessor.java:734)
	at org.archive.modules.writer.MirrorWriterProcessor.innerProcess(MirrorWriterProcessor.java:416)
	at org.archive.modules.Processor.innerProcessResult(Processor.java:175)
	at org.archive.modules.Processor.process(Processor.java:142)
	at org.archive.modules.ProcessorChain.process(ProcessorChain.java:131)
	at org.archive.crawler.framework.ToeThread.run(ToeThread.java:151)
2016-09-28T03:48:12.191Z   200       5714 https://passport.weibo.com/visitor/visitor?entry=wbwidget&a=enter&url=http%3A%2F%2Fservice.weibo.com%2Fshare%2Fshare.php&domain=.weibo.com&sudaref=http%3A%2F%2Fv.t.sina.com.cn%2Fshare%2Fshare.php&ua=php-sso_sdk_client-0.6.23&_rand=1475034485.7668 LEXRR http://service.weibo.com/share/share.php text/html #004 20160928034812086+104 sha1:ZUQ4KY54JSI4TSWBUK32JQ55MGAFTXUJ - usingCharsetInHTML:GB2312
 java.io.FileNotFoundException: .\mirror\passport.weibo.com\visitor\visitorentry=wbwidget&a=enter&url=http:\service.weibo.com\share\share.php&domain=.weibo.com&sudaref=http:\v.t.sina.com.cn\share\share.php&ua=php-sso_sdk_client-0.6.23&_rand=1475034485.7668N (文件名、目录名或卷标语法不正确。)
	at java.io.FileOutputStream.open(Native Method)
	at java.io.FileOutputStream.<init>(FileOutputStream.java:212)
	at java.io.FileOutputStream.<init>(FileOutputStream.java:165)
	at org.archive.modules.writer.MirrorWriterProcessor.writeToPath(MirrorWriterProcessor.java:734)
	at org.archive.modules.writer.MirrorWriterProcessor.innerProcess(MirrorWriterProcessor.java:416)
	at org.archive.modules.Processor.innerProcessResult(Processor.java:175)
	at org.archive.modules.Processor.process(Processor.java:142)
	at org.archive.modules.ProcessorChain.process(ProcessorChain.java:131)
	at org.archive.crawler.framework.ToeThread.run(ToeThread.java:151)
 java.io.FileNotFoundException: .\mirror\passport.weibo.com\visitor\visitorentry=wbwidget&a=enter&url=http:\service.weibo.com\share\share.php&domain=.weibo.com&sudaref=http:\v.t.sina.com.cn\share\share.php&ua=php-sso_sdk_client-0.6.23&_rand=1475034485.7668N (文件名、目录名或卷标语法不正确。)
	at java.io.FileOutputStream.open(Native Method)
	at java.io.FileOutputStream.<init>(FileOutputStream.java:212)
	at java.io.FileOutputStream.<init>(FileOutputStream.java:165)
	at org.archive.modules.writer.MirrorWriterProcessor.writeToPath(MirrorWriterProcessor.java:734)
	at org.archive.modules.writer.MirrorWriterProcessor.innerProcess(MirrorWriterProcessor.java:416)
	at org.archive.modules.Processor.innerProcessResult(Processor.java:175)
	at org.archive.modules.Processor.process(Processor.java:142)
	at org.archive.modules.ProcessorChain.process(ProcessorChain.java:131)
	at org.archive.crawler.framework.ToeThread.run(ToeThread.java:151)
2016-09-28T03:48:12.280Z   200       6455 http://top.finance.sina.com.cn/ws/GetTopDataList.php?top_not_url=/ustock/&top_type=day&top_cat=finance_stock_conten_suda&top_time=20160928&top_show_num=10&top_order=DESC&get_new=1&js_var=stock_1_data LXE http://finance.sina.com.cn/ text/html #003 20160928034812191+88 sha1:HQXGSR3K5ZHIEN22YHE5A3WGJJQTF55R - -
 java.io.FileNotFoundException: .\mirror\top.finance.sina.com.cn\ws\GetTopDataListtop_not_url=\ustock\&top_type=day&top_cat=finance_stock_conten_suda&top_time=20160928&top_show_num=10&top_order=DESC&get_new=1&js_var=stock_1_data.phpN (系统找不到指定的路径。)
	at java.io.FileOutputStream.open(Native Method)
	at java.io.FileOutputStream.<init>(FileOutputStream.java:212)
	at java.io.FileOutputStream.<init>(FileOutputStream.java:165)
	at org.archive.modules.writer.MirrorWriterProcessor.writeToPath(MirrorWriterProcessor.java:734)
	at org.archive.modules.writer.MirrorWriterProcessor.innerProcess(MirrorWriterProcessor.java:416)
	at org.archive.modules.Processor.innerProcessResult(Processor.java:175)
	at org.archive.modules.Processor.process(Processor.java:142)
	at org.archive.modules.ProcessorChain.process(ProcessorChain.java:131)
	at org.archive.crawler.framework.ToeThread.run(ToeThread.java:151)
 java.io.FileNotFoundException: .\mirror\top.finance.sina.com.cn\ws\GetTopDataListtop_not_url=\ustock\&top_type=day&top_cat=finance_stock_conten_suda&top_time=20160928&top_show_num=10&top_order=DESC&get_new=1&js_var=stock_1_data.phpN (系统找不到指定的路径。)
	at java.io.FileOutputStream.open(Native Method)
	at java.io.FileOutputStream.<init>(FileOutputStream.java:212)
	at java.io.FileOutputStream.<init>(FileOutputStream.java:165)
	at org.archive.modules.writer.MirrorWriterProcessor.writeToPath(MirrorWriterProcessor.java:734)
	at org.archive.modules.writer.MirrorWriterProcessor.innerProcess(MirrorWriterProcessor.java:416)
	at org.archive.modules.Processor.innerProcessResult(Processor.java:175)
	at org.archive.modules.Processor.process(Processor.java:142)
	at org.archive.modules.ProcessorChain.process(ProcessorChain.java:131)
	at org.archive.crawler.framework.ToeThread.run(ToeThread.java:151)
2016-09-28T03:48:24.499Z   404       1010 http://www.sina.com.cn/mid/hot/2016-09-27/ABCDEFGHIJKLMNOPQRSTUVWXYZabcdefghijklmnopqrstuvwxyz0123456789+/= LX http://www.sina.com.cn/mid/hot/2016-09-27/doc-ifxwevmf2354643.shtml text/html #024 20160928034824482+16 sha1:UPJJJB3BXJN57F2SDRSXLKQGMONSEOZU - usingCharsetInHTML:GB2312
 java.io.FileNotFoundException: .\mirror\www.sina.com.cn\mid\hot\2016-09-27\ABCDEFGHIJKLMNOPQRSTUVWXYZabcdefghijklmnopqrstuvwxyz0123456789 \=N (系统找不到指定的路径。)
	at java.io.FileOutputStream.open(Native Method)
	at java.io.FileOutputStream.<init>(FileOutputStream.java:212)
	at java.io.FileOutputStream.<init>(FileOutputStream.java:165)
	at org.archive.modules.writer.MirrorWriterProcessor.writeToPath(MirrorWriterProcessor.java:734)
	at org.archive.modules.writer.MirrorWriterProcessor.innerProcess(MirrorWriterProcessor.java:416)
	at org.archive.modules.Processor.innerProcessResult(Processor.java:175)
	at org.archive.modules.Processor.process(Processor.java:142)
	at org.archive.modules.ProcessorChain.process(ProcessorChain.java:131)
	at org.archive.crawler.framework.ToeThread.run(ToeThread.java:151)
 java.io.FileNotFoundException: .\mirror\www.sina.com.cn\mid\hot\2016-09-27\ABCDEFGHIJKLMNOPQRSTUVWXYZabcdefghijklmnopqrstuvwxyz0123456789 \=N (系统找不到指定的路径。)
	at java.io.FileOutputStream.open(Native Method)
	at java.io.FileOutputStream.<init>(FileOutputStream.java:212)
	at java.io.FileOutputStream.<init>(FileOutputStream.java:165)
	at org.archive.modules.writer.MirrorWriterProcessor.writeToPath(MirrorWriterProcessor.java:734)
	at org.archive.modules.writer.MirrorWriterProcessor.innerProcess(MirrorWriterProcessor.java:416)
	at org.archive.modules.Processor.innerProcessResult(Processor.java:175)
	at org.archive.modules.Processor.process(Processor.java:142)
	at org.archive.modules.ProcessorChain.process(ProcessorChain.java:131)
	at org.archive.crawler.framework.ToeThread.run(ToeThread.java:151)
2016-09-28T03:49:54.782Z    -2      30568 http://10.210.237.166/robots.txt LEEP http://10.210.237.166/video/index/styles/index_news_style.css unknown #007 - - - -
 java.net.SocketTimeoutException: connect timed out: timeout set at 20000ms.
	at org.archive.modules.fetcher.HeritrixProtocolSocketFactory.createSocket(HeritrixProtocolSocketFactory.java:133)
	at org.apache.commons.httpclient.HttpConnection.open(HttpConnection.java:709)
	at org.apache.commons.httpclient.HttpMethodDirector.executeWithRetry(HttpMethodDirector.java:387)
	at org.apache.commons.httpclient.HttpMethodDirector.executeMethod(HttpMethodDirector.java:171)
	at org.apache.commons.httpclient.HttpClient.executeMethod(HttpClient.java:397)
	at org.apache.commons.httpclient.HttpClient.executeMethod(HttpClient.java:346)
	at org.archive.modules.fetcher.FetchHTTP.innerProcess(FetchHTTP.java:646)
	at org.archive.modules.Processor.innerProcessResult(Processor.java:175)
	at org.archive.modules.Processor.process(Processor.java:142)
	at org.archive.modules.fetcher.FetchHTTP.process(FetchHTTP.java:905)
	at org.archive.modules.ProcessorChain.process(ProcessorChain.java:131)
	at org.archive.crawler.framework.ToeThread.run(ToeThread.java:147)
 java.net.SocketTimeoutException: connect timed out: timeout set at 20000ms.
	at org.archive.modules.fetcher.HeritrixProtocolSocketFactory.createSocket(HeritrixProtocolSocketFactory.java:133)
	at org.apache.commons.httpclient.HttpConnection.open(HttpConnection.java:709)
	at org.apache.commons.httpclient.HttpMethodDirector.executeWithRetry(HttpMethodDirector.java:387)
	at org.apache.commons.httpclient.HttpMethodDirector.executeMethod(HttpMethodDirector.java:171)
	at org.apache.commons.httpclient.HttpClient.executeMethod(HttpClient.java:397)
	at org.apache.commons.httpclient.HttpClient.executeMethod(HttpClient.java:346)
	at org.archive.modules.fetcher.FetchHTTP.innerProcess(FetchHTTP.java:646)
	at org.archive.modules.Processor.innerProcessResult(Processor.java:175)
	at org.archive.modules.Processor.process(Processor.java:142)
	at org.archive.modules.fetcher.FetchHTTP.process(FetchHTTP.java:905)
	at org.archive.modules.ProcessorChain.process(ProcessorChain.java:131)
	at org.archive.crawler.framework.ToeThread.run(ToeThread.java:147)
2016-09-28T03:51:34.080Z   404       1010 http://www.sina.com.cn/intro/ABCDEFGHIJKLMNOPQRSTUVWXYZabcdefghijklmnopqrstuvwxyz0123456789+/= LX http://www.sina.com.cn/intro/lawfirm.shtml text/html #015 20160928035134055+22 sha1:UPJJJB3BXJN57F2SDRSXLKQGMONSEOZU - usingCharsetInHTML:GB2312
 java.io.FileNotFoundException: .\mirror\www.sina.com.cn\intro\ABCDEFGHIJKLMNOPQRSTUVWXYZabcdefghijklmnopqrstuvwxyz0123456789 \=N (系统找不到指定的路径。)
	at java.io.FileOutputStream.open(Native Method)
	at java.io.FileOutputStream.<init>(FileOutputStream.java:212)
	at java.io.FileOutputStream.<init>(FileOutputStream.java:165)
	at org.archive.modules.writer.MirrorWriterProcessor.writeToPath(MirrorWriterProcessor.java:734)
	at org.archive.modules.writer.MirrorWriterProcessor.innerProcess(MirrorWriterProcessor.java:416)
	at org.archive.modules.Processor.innerProcessResult(Processor.java:175)
	at org.archive.modules.Processor.process(Processor.java:142)
	at org.archive.modules.ProcessorChain.process(ProcessorChain.java:131)
	at org.archive.crawler.framework.ToeThread.run(ToeThread.java:151)
 java.io.FileNotFoundException: .\mirror\www.sina.com.cn\intro\ABCDEFGHIJKLMNOPQRSTUVWXYZabcdefghijklmnopqrstuvwxyz0123456789 \=N (系统找不到指定的路径。)
	at java.io.FileOutputStream.open(Native Method)
	at java.io.FileOutputStream.<init>(FileOutputStream.java:212)
	at java.io.FileOutputStream.<init>(FileOutputStream.java:165)
	at org.archive.modules.writer.MirrorWriterProcessor.writeToPath(MirrorWriterProcessor.java:734)
	at org.archive.modules.writer.MirrorWriterProcessor.innerProcess(MirrorWriterProcessor.java:416)
	at org.archive.modules.Processor.innerProcessResult(Processor.java:175)
	at org.archive.modules.Processor.process(Processor.java:142)
	at org.archive.modules.ProcessorChain.process(ProcessorChain.java:131)
	at org.archive.crawler.framework.ToeThread.run(ToeThread.java:151)
2016-09-28T03:53:09.857Z   302        208 http://corp.sina.com.cn/ABCDEFGHIJKLMNOPQRSTUVWXYZabcdefghijklmnopqrstuvwxyz0123456789+/= LRPRX http://corp.sina.com.cn/ text/html #003 20160928035309116+738 sha1:POZEYADQYMF4Y2USGRJG7MQVV35MEFQJ - -
 java.io.FileNotFoundException: .\mirror\corp.sina.com.cn\ABCDEFGHIJKLMNOPQRSTUVWXYZabcdefghijklmnopqrstuvwxyz0123456789 \=N (系统找不到指定的路径。)
	at java.io.FileOutputStream.open(Native Method)
	at java.io.FileOutputStream.<init>(FileOutputStream.java:212)
	at java.io.FileOutputStream.<init>(FileOutputStream.java:165)
	at org.archive.modules.writer.MirrorWriterProcessor.writeToPath(MirrorWriterProcessor.java:734)
	at org.archive.modules.writer.MirrorWriterProcessor.innerProcess(MirrorWriterProcessor.java:416)
	at org.archive.modules.Processor.innerProcessResult(Processor.java:175)
	at org.archive.modules.Processor.process(Processor.java:142)
	at org.archive.modules.ProcessorChain.process(ProcessorChain.java:131)
	at org.archive.crawler.framework.ToeThread.run(ToeThread.java:151)
 java.io.FileNotFoundException: .\mirror\corp.sina.com.cn\ABCDEFGHIJKLMNOPQRSTUVWXYZabcdefghijklmnopqrstuvwxyz0123456789 \=N (系统找不到指定的路径。)
	at java.io.FileOutputStream.open(Native Method)
	at java.io.FileOutputStream.<init>(FileOutputStream.java:212)
	at java.io.FileOutputStream.<init>(FileOutputStream.java:165)
	at org.archive.modules.writer.MirrorWriterProcessor.writeToPath(MirrorWriterProcessor.java:734)
	at org.archive.modules.writer.MirrorWriterProcessor.innerProcess(MirrorWriterProcessor.java:416)
	at org.archive.modules.Processor.innerProcessResult(Processor.java:175)
	at org.archive.modules.Processor.process(Processor.java:142)
	at org.archive.modules.ProcessorChain.process(ProcessorChain.java:131)
	at org.archive.crawler.framework.ToeThread.run(ToeThread.java:151)
2016-09-28T03:53:46.695Z   404       1010 http://www.sina.com.cn/1.swf XX http://rm.sina.com.cn/bj-icast/mv/cr/2016/09/250746/48430/code.js text/html #005 20160928035346640+43 sha1:UPJJJB3BXJN57F2SDRSXLKQGMONSEOZU - -
 java.io.IOException: Invalid SWF File Signature
	at com.anotherbigidea.flash.readers.SWFReader.readSignature(SWFReader.java:140)
	at com.anotherbigidea.flash.readers.SWFReader.readHeader(SWFReader.java:157)
	at com.anotherbigidea.flash.readers.SWFReader.readFile(SWFReader.java:91)
	at org.archive.modules.extractor.ExtractorSWF.innerExtract(ExtractorSWF.java:99)
	at org.archive.modules.extractor.ContentExtractor.extract(ContentExtractor.java:37)
	at org.archive.modules.extractor.Extractor.innerProcess(Extractor.java:101)
	at org.archive.modules.Processor.innerProcessResult(Processor.java:175)
	at org.archive.modules.Processor.process(Processor.java:142)
	at org.archive.modules.ProcessorChain.process(ProcessorChain.java:131)
	at org.archive.crawler.framework.ToeThread.run(ToeThread.java:147)
 java.io.IOException: Invalid SWF File Signature
	at com.anotherbigidea.flash.readers.SWFReader.readSignature(SWFReader.java:140)
	at com.anotherbigidea.flash.readers.SWFReader.readHeader(SWFReader.java:157)
	at com.anotherbigidea.flash.readers.SWFReader.readFile(SWFReader.java:91)
	at org.archive.modules.extractor.ExtractorSWF.innerExtract(ExtractorSWF.java:99)
	at org.archive.modules.extractor.ContentExtractor.extract(ContentExtractor.java:37)
	at org.archive.modules.extractor.Extractor.innerProcess(Extractor.java:101)
	at org.archive.modules.Processor.innerProcessResult(Processor.java:175)
	at org.archive.modules.Processor.process(Processor.java:142)
	at org.archive.modules.ProcessorChain.process(ProcessorChain.java:131)
	at org.archive.crawler.framework.ToeThread.run(ToeThread.java:147)
2016-09-28T03:54:44.736Z   404       1010 http://www.sina.com.cn/clickmap_sample_iframe_session_ref_btn_notop_common_enum_reload:6.33 EX http://i1.sinaimg.cn/unipro/pub/suda_m_v629.js text/html #003 20160928035444643+80 sha1:UPJJJB3BXJN57F2SDRSXLKQGMONSEOZU - usingCharsetInHTML:GB2312
 java.io.IOException: Can not rename F:\myproject\hetrixtest2\.\mirror\www.sina.com.cn\clickmap_sample_iframe_session_ref_btn_notop_common_enum_reload:6.33N to F:\myproject\hetrixtest2\.\mirror\www.sina.com.cn\clickmap_sample_iframe_session_ref_btn_notop_common_enum_reload:6.33
	at org.archive.modules.writer.MirrorWriterProcessor.writeToPath(MirrorWriterProcessor.java:742)
	at org.archive.modules.writer.MirrorWriterProcessor.innerProcess(MirrorWriterProcessor.java:416)
	at org.archive.modules.Processor.innerProcessResult(Processor.java:175)
	at org.archive.modules.Processor.process(Processor.java:142)
	at org.archive.modules.ProcessorChain.process(ProcessorChain.java:131)
	at org.archive.crawler.framework.ToeThread.run(ToeThread.java:151)
 java.io.IOException: Can not rename F:\myproject\hetrixtest2\.\mirror\www.sina.com.cn\clickmap_sample_iframe_session_ref_btn_notop_common_enum_reload:6.33N to F:\myproject\hetrixtest2\.\mirror\www.sina.com.cn\clickmap_sample_iframe_session_ref_btn_notop_common_enum_reload:6.33
	at org.archive.modules.writer.MirrorWriterProcessor.writeToPath(MirrorWriterProcessor.java:742)
	at org.archive.modules.writer.MirrorWriterProcessor.innerProcess(MirrorWriterProcessor.java:416)
	at org.archive.modules.Processor.innerProcessResult(Processor.java:175)
	at org.archive.modules.Processor.process(Processor.java:142)
	at org.archive.modules.ProcessorChain.process(ProcessorChain.java:131)
	at org.archive.crawler.framework.ToeThread.run(ToeThread.java:151)
2016-09-28T03:55:51.959Z   404       1010 http://www.sina.com.cn/:a._booleanArrow?b= XX http://finance.sina.com.cn/basejs/suggestServer.js text/html #018 20160928035551874+77 sha1:UPJJJB3BXJN57F2SDRSXLKQGMONSEOZU - usingCharsetInHTML:GB2312
 java.io.FileNotFoundException: .\mirror\www.sina.com.cn\:ab=._booleanArrowN (文件名、目录名或卷标语法不正确。)
	at java.io.FileOutputStream.open(Native Method)
	at java.io.FileOutputStream.<init>(FileOutputStream.java:212)
	at java.io.FileOutputStream.<init>(FileOutputStream.java:165)
	at org.archive.modules.writer.MirrorWriterProcessor.writeToPath(MirrorWriterProcessor.java:734)
	at org.archive.modules.writer.MirrorWriterProcessor.innerProcess(MirrorWriterProcessor.java:416)
	at org.archive.modules.Processor.innerProcessResult(Processor.java:175)
	at org.archive.modules.Processor.process(Processor.java:142)
	at org.archive.modules.ProcessorChain.process(ProcessorChain.java:131)
	at org.archive.crawler.framework.ToeThread.run(ToeThread.java:151)
 java.io.FileNotFoundException: .\mirror\www.sina.com.cn\:ab=._booleanArrowN (文件名、目录名或卷标语法不正确。)
	at java.io.FileOutputStream.open(Native Method)
	at java.io.FileOutputStream.<init>(FileOutputStream.java:212)
	at java.io.FileOutputStream.<init>(FileOutputStream.java:165)
	at org.archive.modules.writer.MirrorWriterProcessor.writeToPath(MirrorWriterProcessor.java:734)
	at org.archive.modules.writer.MirrorWriterProcessor.innerProcess(MirrorWriterProcessor.java:416)
	at org.archive.modules.Processor.innerProcessResult(Processor.java:175)
	at org.archive.modules.Processor.process(Processor.java:142)
	at org.archive.modules.ProcessorChain.process(ProcessorChain.java:131)
	at org.archive.crawler.framework.ToeThread.run(ToeThread.java:151)
2016-09-28T03:56:22.598Z   404       1010 http://www.sina.com.cn/1328.5,-0.1428,1328.5,1328.6,1331.1,1328.5,11:15:32,1330.4,1330.5,1362,0,0,2016-09-28,COMEX%E9%BB%84%E9%87%91 XX http://hq.sinajs.cn/list=hf_GC,hf_CL,USDCNY text/html #018 20160928035622577+16 sha1:UPJJJB3BXJN57F2SDRSXLKQGMONSEOZU - usingCharsetInHTML:GB2312
 java.io.FileNotFoundException: .\mirror\www.sina.com.cn\1328.5,-0.1428,1328.5,1328.6,1331.1,1328.5,11:15:32,1330.4,1330.5,1362,0,0,2016-09-28,COMEX黄金N (文件名、目录名或卷标语法不正确。)
	at java.io.FileOutputStream.open(Native Method)
	at java.io.FileOutputStream.<init>(FileOutputStream.java:212)
	at java.io.FileOutputStream.<init>(FileOutputStream.java:165)
	at org.archive.modules.writer.MirrorWriterProcessor.writeToPath(MirrorWriterProcessor.java:734)
	at org.archive.modules.writer.MirrorWriterProcessor.innerProcess(MirrorWriterProcessor.java:416)
	at org.archive.modules.Processor.innerProcessResult(Processor.java:175)
	at org.archive.modules.Processor.process(Processor.java:142)
	at org.archive.modules.ProcessorChain.process(ProcessorChain.java:131)
	at org.archive.crawler.framework.ToeThread.run(ToeThread.java:151)
 java.io.FileNotFoundException: .\mirror\www.sina.com.cn\1328.5,-0.1428,1328.5,1328.6,1331.1,1328.5,11:15:32,1330.4,1330.5,1362,0,0,2016-09-28,COMEX黄金N (文件名、目录名或卷标语法不正确。)
	at java.io.FileOutputStream.open(Native Method)
	at java.io.FileOutputStream.<init>(FileOutputStream.java:212)
	at java.io.FileOutputStream.<init>(FileOutputStream.java:165)
	at org.archive.modules.writer.MirrorWriterProcessor.writeToPath(MirrorWriterProcessor.java:734)
	at org.archive.modules.writer.MirrorWriterProcessor.innerProcess(MirrorWriterProcessor.java:416)
	at org.archive.modules.Processor.innerProcessResult(Processor.java:175)
	at org.archive.modules.Processor.process(Processor.java:142)
	at org.archive.modules.ProcessorChain.process(ProcessorChain.java:131)
	at org.archive.crawler.framework.ToeThread.run(ToeThread.java:151)
2016-09-28T03:56:25.628Z   404       1010 http://www.sina.com.cn/44.68,0.0224,44.68,44.69,45.09,44.53,11:15:50,44.67,44.96,2565,0,0,2016-09-28,NYMEX%E5%8E%9F%E6%B2%B9 XX http://hq.sinajs.cn/list=hf_GC,hf_CL,USDCNY text/html #018 20160928035625599+22 sha1:UPJJJB3BXJN57F2SDRSXLKQGMONSEOZU - usingCharsetInHTML:GB2312
 java.io.FileNotFoundException: .\mirror\www.sina.com.cn\44.68,0.0224,44.68,44.69,45.09,44.53,11:15:50,44.67,44.96,2565,0,0,2016-09-28,NYMEX原油N (文件名、目录名或卷标语法不正确。)
	at java.io.FileOutputStream.open(Native Method)
	at java.io.FileOutputStream.<init>(FileOutputStream.java:212)
	at java.io.FileOutputStream.<init>(FileOutputStream.java:165)
	at org.archive.modules.writer.MirrorWriterProcessor.writeToPath(MirrorWriterProcessor.java:734)
	at org.archive.modules.writer.MirrorWriterProcessor.innerProcess(MirrorWriterProcessor.java:416)
	at org.archive.modules.Processor.innerProcessResult(Processor.java:175)
	at org.archive.modules.Processor.process(Processor.java:142)
	at org.archive.modules.ProcessorChain.process(ProcessorChain.java:131)
	at org.archive.crawler.framework.ToeThread.run(ToeThread.java:151)
 java.io.FileNotFoundException: .\mirror\www.sina.com.cn\44.68,0.0224,44.68,44.69,45.09,44.53,11:15:50,44.67,44.96,2565,0,0,2016-09-28,NYMEX原油N (文件名、目录名或卷标语法不正确。)
	at java.io.FileOutputStream.open(Native Method)
	at java.io.FileOutputStream.<init>(FileOutputStream.java:212)
	at java.io.FileOutputStream.<init>(FileOutputStream.java:165)
	at org.archive.modules.writer.MirrorWriterProcessor.writeToPath(MirrorWriterProcessor.java:734)
	at org.archive.modules.writer.MirrorWriterProcessor.innerProcess(MirrorWriterProcessor.java:416)
	at org.archive.modules.Processor.innerProcessResult(Processor.java:175)
	at org.archive.modules.Processor.process(Processor.java:142)
	at org.archive.modules.ProcessorChain.process(ProcessorChain.java:131)
	at org.archive.crawler.framework.ToeThread.run(ToeThread.java:151)
2016-09-28T03:58:43.258Z   404       1010 http://www.sina.com.cn/,note_styles:l.item,box_tpl:d.box,box_parent_node:document.body,box_direction: EX http://i.sso.sina.com.cn/js/outlogin_layer.js text/html #008 20160928035843242+14 sha1:UPJJJB3BXJN57F2SDRSXLKQGMONSEOZU - usingCharsetInHTML:GB2312
 java.io.FileNotFoundException: .\mirror\www.sina.com.cn\,note_styles:l.item,box_tpl:d.box,box_parent_node:document.body,box_direction:N (文件名、目录名或卷标语法不正确。)
	at java.io.FileOutputStream.open(Native Method)
	at java.io.FileOutputStream.<init>(FileOutputStream.java:212)
	at java.io.FileOutputStream.<init>(FileOutputStream.java:165)
	at org.archive.modules.writer.MirrorWriterProcessor.writeToPath(MirrorWriterProcessor.java:734)
	at org.archive.modules.writer.MirrorWriterProcessor.innerProcess(MirrorWriterProcessor.java:416)
	at org.archive.modules.Processor.innerProcessResult(Processor.java:175)
	at org.archive.modules.Processor.process(Processor.java:142)
	at org.archive.modules.ProcessorChain.process(ProcessorChain.java:131)
	at org.archive.crawler.framework.ToeThread.run(ToeThread.java:151)
 java.io.FileNotFoundException: .\mirror\www.sina.com.cn\,note_styles:l.item,box_tpl:d.box,box_parent_node:document.body,box_direction:N (文件名、目录名或卷标语法不正确。)
	at java.io.FileOutputStream.open(Native Method)
	at java.io.FileOutputStream.<init>(FileOutputStream.java:212)
	at java.io.FileOutputStream.<init>(FileOutputStream.java:165)
	at org.archive.modules.writer.MirrorWriterProcessor.writeToPath(MirrorWriterProcessor.java:734)
	at org.archive.modules.writer.MirrorWriterProcessor.innerProcess(MirrorWriterProcessor.java:416)
	at org.archive.modules.Processor.innerProcessResult(Processor.java:175)
	at org.archive.modules.Processor.process(Processor.java:142)
	at org.archive.modules.ProcessorChain.process(ProcessorChain.java:131)
	at org.archive.crawler.framework.ToeThread.run(ToeThread.java:151)
2016-09-28T03:59:03.995Z   404       1010 http://www.sina.com.cn/core.util.swf EX http://i.sso.sina.com.cn/js/outlogin_layer.js text/html #004 20160928035903959+23 sha1:UPJJJB3BXJN57F2SDRSXLKQGMONSEOZU - -
 java.io.IOException: Invalid SWF File Signature
	at com.anotherbigidea.flash.readers.SWFReader.readSignature(SWFReader.java:140)
	at com.anotherbigidea.flash.readers.SWFReader.readHeader(SWFReader.java:157)
	at com.anotherbigidea.flash.readers.SWFReader.readFile(SWFReader.java:91)
	at org.archive.modules.extractor.ExtractorSWF.innerExtract(ExtractorSWF.java:99)
	at org.archive.modules.extractor.ContentExtractor.extract(ContentExtractor.java:37)
	at org.archive.modules.extractor.Extractor.innerProcess(Extractor.java:101)
	at org.archive.modules.Processor.innerProcessResult(Processor.java:175)
	at org.archive.modules.Processor.process(Processor.java:142)
	at org.archive.modules.ProcessorChain.process(ProcessorChain.java:131)
	at org.archive.crawler.framework.ToeThread.run(ToeThread.java:147)
 java.io.IOException: Invalid SWF File Signature
	at com.anotherbigidea.flash.readers.SWFReader.readSignature(SWFReader.java:140)
	at com.anotherbigidea.flash.readers.SWFReader.readHeader(SWFReader.java:157)
	at com.anotherbigidea.flash.readers.SWFReader.readFile(SWFReader.java:91)
	at org.archive.modules.extractor.ExtractorSWF.innerExtract(ExtractorSWF.java:99)
	at org.archive.modules.extractor.ContentExtractor.extract(ContentExtractor.java:37)
	at org.archive.modules.extractor.Extractor.innerProcess(Extractor.java:101)
	at org.archive.modules.Processor.innerProcessResult(Processor.java:175)
	at org.archive.modules.Processor.process(Processor.java:142)
	at org.archive.modules.ProcessorChain.process(ProcessorChain.java:131)
	at org.archive.crawler.framework.ToeThread.run(ToeThread.java:147)
2016-09-28T04:01:03.187Z   404       1010 http://www.sina.com.cn/:d.style.filter= EX http://i.sso.sina.com.cn/js/outlogin_layer.js text/html #010 20160928040103159+22 sha1:UPJJJB3BXJN57F2SDRSXLKQGMONSEOZU - usingCharsetInHTML:GB2312
 java.io.FileNotFoundException: .\mirror\www.sina.com.cn\:d.style.filter=N (文件名、目录名或卷标语法不正确。)
	at java.io.FileOutputStream.open(Native Method)
	at java.io.FileOutputStream.<init>(FileOutputStream.java:212)
	at java.io.FileOutputStream.<init>(FileOutputStream.java:165)
	at org.archive.modules.writer.MirrorWriterProcessor.writeToPath(MirrorWriterProcessor.java:734)
	at org.archive.modules.writer.MirrorWriterProcessor.innerProcess(MirrorWriterProcessor.java:416)
	at org.archive.modules.Processor.innerProcessResult(Processor.java:175)
	at org.archive.modules.Processor.process(Processor.java:142)
	at org.archive.modules.ProcessorChain.process(ProcessorChain.java:131)
	at org.archive.crawler.framework.ToeThread.run(ToeThread.java:151)
 java.io.FileNotFoundException: .\mirror\www.sina.com.cn\:d.style.filter=N (文件名、目录名或卷标语法不正确。)
	at java.io.FileOutputStream.open(Native Method)
	at java.io.FileOutputStream.<init>(FileOutputStream.java:212)
	at java.io.FileOutputStream.<init>(FileOutputStream.java:165)
	at org.archive.modules.writer.MirrorWriterProcessor.writeToPath(MirrorWriterProcessor.java:734)
	at org.archive.modules.writer.MirrorWriterProcessor.innerProcess(MirrorWriterProcessor.java:416)
	at org.archive.modules.Processor.innerProcessResult(Processor.java:175)
	at org.archive.modules.Processor.process(Processor.java:142)
	at org.archive.modules.ProcessorChain.process(ProcessorChain.java:131)
	at org.archive.crawler.framework.ToeThread.run(ToeThread.java:151)
2016-09-28T04:03:20.478Z   404       1010 http://www.sina.com.cn/:this.container.style.bottom= XX http://news.sina.com.cn/js/694/2012/0830/realtime.js?ver=1.5.1 text/html #005 20160928040320395+76 sha1:UPJJJB3BXJN57F2SDRSXLKQGMONSEOZU - usingCharsetInHTML:GB2312
 java.io.FileNotFoundException: .\mirror\www.sina.com.cn\:this.container.style.bottom=N (文件名、目录名或卷标语法不正确。)
	at java.io.FileOutputStream.open(Native Method)
	at java.io.FileOutputStream.<init>(FileOutputStream.java:212)
	at java.io.FileOutputStream.<init>(FileOutputStream.java:165)
	at org.archive.modules.writer.MirrorWriterProcessor.writeToPath(MirrorWriterProcessor.java:734)
	at org.archive.modules.writer.MirrorWriterProcessor.innerProcess(MirrorWriterProcessor.java:416)
	at org.archive.modules.Processor.innerProcessResult(Processor.java:175)
	at org.archive.modules.Processor.process(Processor.java:142)
	at org.archive.modules.ProcessorChain.process(ProcessorChain.java:131)
	at org.archive.crawler.framework.ToeThread.run(ToeThread.java:151)
 java.io.FileNotFoundException: .\mirror\www.sina.com.cn\:this.container.style.bottom=N (文件名、目录名或卷标语法不正确。)
	at java.io.FileOutputStream.open(Native Method)
	at java.io.FileOutputStream.<init>(FileOutputStream.java:212)
	at java.io.FileOutputStream.<init>(FileOutputStream.java:165)
	at org.archive.modules.writer.MirrorWriterProcessor.writeToPath(MirrorWriterProcessor.java:734)
	at org.archive.modules.writer.MirrorWriterProcessor.innerProcess(MirrorWriterProcessor.java:416)
	at org.archive.modules.Processor.innerProcessResult(Processor.java:175)
	at org.archive.modules.Processor.process(Processor.java:142)
	at org.archive.modules.ProcessorChain.process(ProcessorChain.java:131)
	at org.archive.crawler.framework.ToeThread.run(ToeThread.java:151)
2016-09-28T04:03:59.700Z   302        208 http://corp.sina.com.cn/chn/ABCDEFGHIJKLMNOPQRSTUVWXYZabcdefghijklmnopqrstuvwxyz0123456789+/= LRX http://corp.sina.com.cn/chn/copyright.html text/html #004 20160928040358502+1196 sha1:POZEYADQYMF4Y2USGRJG7MQVV35MEFQJ - -
 java.io.FileNotFoundException: .\mirror\corp.sina.com.cn\chn\ABCDEFGHIJKLMNOPQRSTUVWXYZabcdefghijklmnopqrstuvwxyz0123456789 \=N (系统找不到指定的路径。)
	at java.io.FileOutputStream.open(Native Method)
	at java.io.FileOutputStream.<init>(FileOutputStream.java:212)
	at java.io.FileOutputStream.<init>(FileOutputStream.java:165)
	at org.archive.modules.writer.MirrorWriterProcessor.writeToPath(MirrorWriterProcessor.java:734)
	at org.archive.modules.writer.MirrorWriterProcessor.innerProcess(MirrorWriterProcessor.java:416)
	at org.archive.modules.Processor.innerProcessResult(Processor.java:175)
	at org.archive.modules.Processor.process(Processor.java:142)
	at org.archive.modules.ProcessorChain.process(ProcessorChain.java:131)
	at org.archive.crawler.framework.ToeThread.run(ToeThread.java:151)
 java.io.FileNotFoundException: .\mirror\corp.sina.com.cn\chn\ABCDEFGHIJKLMNOPQRSTUVWXYZabcdefghijklmnopqrstuvwxyz0123456789 \=N (系统找不到指定的路径。)
	at java.io.FileOutputStream.open(Native Method)
	at java.io.FileOutputStream.<init>(FileOutputStream.java:212)
	at java.io.FileOutputStream.<init>(FileOutputStream.java:165)
	at org.archive.modules.writer.MirrorWriterProcessor.writeToPath(MirrorWriterProcessor.java:734)
	at org.archive.modules.writer.MirrorWriterProcessor.innerProcess(MirrorWriterProcessor.java:416)
	at org.archive.modules.Processor.innerProcessResult(Processor.java:175)
	at org.archive.modules.Processor.process(Processor.java:142)
	at org.archive.modules.ProcessorChain.process(ProcessorChain.java:131)
	at org.archive.crawler.framework.ToeThread.run(ToeThread.java:151)
2016-09-28T04:04:09.705Z   404       1010 http://www.sina.com.cn/release/SinaWindowsPlayer.swf EX http://d3.sina.com.cn/litong/zhitou/sinaads/release/sinaads.js text/html #014 20160928040409637+54 sha1:UPJJJB3BXJN57F2SDRSXLKQGMONSEOZU - -
 java.io.IOException: Invalid SWF File Signature
	at com.anotherbigidea.flash.readers.SWFReader.readSignature(SWFReader.java:140)
	at com.anotherbigidea.flash.readers.SWFReader.readHeader(SWFReader.java:157)
	at com.anotherbigidea.flash.readers.SWFReader.readFile(SWFReader.java:91)
	at org.archive.modules.extractor.ExtractorSWF.innerExtract(ExtractorSWF.java:99)
	at org.archive.modules.extractor.ContentExtractor.extract(ContentExtractor.java:37)
	at org.archive.modules.extractor.Extractor.innerProcess(Extractor.java:101)
	at org.archive.modules.Processor.innerProcessResult(Processor.java:175)
	at org.archive.modules.Processor.process(Processor.java:142)
	at org.archive.modules.ProcessorChain.process(ProcessorChain.java:131)
	at org.archive.crawler.framework.ToeThread.run(ToeThread.java:147)
 java.io.IOException: Invalid SWF File Signature
	at com.anotherbigidea.flash.readers.SWFReader.readSignature(SWFReader.java:140)
	at com.anotherbigidea.flash.readers.SWFReader.readHeader(SWFReader.java:157)
	at com.anotherbigidea.flash.readers.SWFReader.readFile(SWFReader.java:91)
	at org.archive.modules.extractor.ExtractorSWF.innerExtract(ExtractorSWF.java:99)
	at org.archive.modules.extractor.ContentExtractor.extract(ContentExtractor.java:37)
	at org.archive.modules.extractor.Extractor.innerProcess(Extractor.java:101)
	at org.archive.modules.Processor.innerProcessResult(Processor.java:175)
	at org.archive.modules.Processor.process(Processor.java:142)
	at org.archive.modules.ProcessorChain.process(ProcessorChain.java:131)
	at org.archive.crawler.framework.ToeThread.run(ToeThread.java:147)
2016-09-28T04:04:21.908Z   404       1010 http://www.sina.com.cn/;break;default:b.type= EX http://d3.sina.com.cn/litong/zhitou/sinaads/release/sinaads.js text/html #025 20160928040421890+15 sha1:UPJJJB3BXJN57F2SDRSXLKQGMONSEOZU - usingCharsetInHTML:GB2312
 java.io.IOException: Can not rename F:\myproject\hetrixtest2\.\mirror\www.sina.com.cn\;break;default:b.type=N to F:\myproject\hetrixtest2\.\mirror\www.sina.com.cn\;break;default:b.type=
	at org.archive.modules.writer.MirrorWriterProcessor.writeToPath(MirrorWriterProcessor.java:742)
	at org.archive.modules.writer.MirrorWriterProcessor.innerProcess(MirrorWriterProcessor.java:416)
	at org.archive.modules.Processor.innerProcessResult(Processor.java:175)
	at org.archive.modules.Processor.process(Processor.java:142)
	at org.archive.modules.ProcessorChain.process(ProcessorChain.java:131)
	at org.archive.crawler.framework.ToeThread.run(ToeThread.java:151)
 java.io.IOException: Can not rename F:\myproject\hetrixtest2\.\mirror\www.sina.com.cn\;break;default:b.type=N to F:\myproject\hetrixtest2\.\mirror\www.sina.com.cn\;break;default:b.type=
	at org.archive.modules.writer.MirrorWriterProcessor.writeToPath(MirrorWriterProcessor.java:742)
	at org.archive.modules.writer.MirrorWriterProcessor.innerProcess(MirrorWriterProcessor.java:416)
	at org.archive.modules.Processor.innerProcessResult(Processor.java:175)
	at org.archive.modules.Processor.process(Processor.java:142)
	at org.archive.modules.ProcessorChain.process(ProcessorChain.java:131)
	at org.archive.crawler.framework.ToeThread.run(ToeThread.java:151)
2016-09-28T04:04:58.839Z   404       1010 http://www.sina.com.cn/:// EX http://d3.sina.com.cn/litong/zhitou/sinaads/release/sinaads.js text/html #025 20160928040458806+30 sha1:UPJJJB3BXJN57F2SDRSXLKQGMONSEOZU - usingCharsetInHTML:GB2312
 java.io.IOException: Can not mkdir F:\myproject\hetrixtest2\.\mirror\www.sina.com.cn\:
	at org.archive.modules.writer.MirrorWriterProcessor$DirSegment.addToPath(MirrorWriterProcessor.java:994)
	at org.archive.modules.writer.MirrorWriterProcessor.dirPath(MirrorWriterProcessor.java:452)
	at org.archive.modules.writer.MirrorWriterProcessor.uriToFile(MirrorWriterProcessor.java:697)
	at org.archive.modules.writer.MirrorWriterProcessor.uriToFile(MirrorWriterProcessor.java:582)
	at org.archive.modules.writer.MirrorWriterProcessor.innerProcess(MirrorWriterProcessor.java:407)
	at org.archive.modules.Processor.innerProcessResult(Processor.java:175)
	at org.archive.modules.Processor.process(Processor.java:142)
	at org.archive.modules.ProcessorChain.process(ProcessorChain.java:131)
	at org.archive.crawler.framework.ToeThread.run(ToeThread.java:151)
 java.io.IOException: Can not mkdir F:\myproject\hetrixtest2\.\mirror\www.sina.com.cn\:
	at org.archive.modules.writer.MirrorWriterProcessor$DirSegment.addToPath(MirrorWriterProcessor.java:994)
	at org.archive.modules.writer.MirrorWriterProcessor.dirPath(MirrorWriterProcessor.java:452)
	at org.archive.modules.writer.MirrorWriterProcessor.uriToFile(MirrorWriterProcessor.java:697)
	at org.archive.modules.writer.MirrorWriterProcessor.uriToFile(MirrorWriterProcessor.java:582)
	at org.archive.modules.writer.MirrorWriterProcessor.innerProcess(MirrorWriterProcessor.java:407)
	at org.archive.modules.Processor.innerProcessResult(Processor.java:175)
	at org.archive.modules.Processor.process(Processor.java:142)
	at org.archive.modules.ProcessorChain.process(ProcessorChain.java:131)
	at org.archive.crawler.framework.ToeThread.run(ToeThread.java:151)
2016-09-28T04:05:11.366Z   404       1010 http://www.sina.com.cn/===c?b.body: EX http://d3.sina.com.cn/litong/zhitou/sinaads/release/sinaads.js text/html #025 20160928040511233+120 sha1:UPJJJB3BXJN57F2SDRSXLKQGMONSEOZU - usingCharsetInHTML:GB2312
 java.io.IOException: Can not rename F:\myproject\hetrixtest2\.\mirror\www.sina.com.cn\===cb.body:N to F:\myproject\hetrixtest2\.\mirror\www.sina.com.cn\===cb.body:
	at org.archive.modules.writer.MirrorWriterProcessor.writeToPath(MirrorWriterProcessor.java:742)
	at org.archive.modules.writer.MirrorWriterProcessor.innerProcess(MirrorWriterProcessor.java:416)
	at org.archive.modules.Processor.innerProcessResult(Processor.java:175)
	at org.archive.modules.Processor.process(Processor.java:142)
	at org.archive.modules.ProcessorChain.process(ProcessorChain.java:131)
	at org.archive.crawler.framework.ToeThread.run(ToeThread.java:151)
 java.io.IOException: Can not rename F:\myproject\hetrixtest2\.\mirror\www.sina.com.cn\===cb.body:N to F:\myproject\hetrixtest2\.\mirror\www.sina.com.cn\===cb.body:
	at org.archive.modules.writer.MirrorWriterProcessor.writeToPath(MirrorWriterProcessor.java:742)
	at org.archive.modules.writer.MirrorWriterProcessor.innerProcess(MirrorWriterProcessor.java:416)
	at org.archive.modules.Processor.innerProcessResult(Processor.java:175)
	at org.archive.modules.Processor.process(Processor.java:142)
	at org.archive.modules.ProcessorChain.process(ProcessorChain.java:131)
	at org.archive.crawler.framework.ToeThread.run(ToeThread.java:151)
2016-09-28T04:05:15.150Z    -2        208 http://10.210.237.166/robots.txt LEEP http://10.210.237.166/video/index/styles/index_news_style.css unknown #015 - - - -
 java.net.SocketTimeoutException: connect timed out: timeout set at 20000ms.
	at org.archive.modules.fetcher.HeritrixProtocolSocketFactory.createSocket(HeritrixProtocolSocketFactory.java:133)
	at org.apache.commons.httpclient.HttpConnection.open(HttpConnection.java:709)
	at org.apache.commons.httpclient.HttpMethodDirector.executeWithRetry(HttpMethodDirector.java:387)
	at org.apache.commons.httpclient.HttpMethodDirector.executeMethod(HttpMethodDirector.java:171)
	at org.apache.commons.httpclient.HttpClient.executeMethod(HttpClient.java:397)
	at org.apache.commons.httpclient.HttpClient.executeMethod(HttpClient.java:346)
	at org.archive.modules.fetcher.FetchHTTP.innerProcess(FetchHTTP.java:646)
	at org.archive.modules.Processor.innerProcessResult(Processor.java:175)
	at org.archive.modules.Processor.process(Processor.java:142)
	at org.archive.modules.fetcher.FetchHTTP.process(FetchHTTP.java:905)
	at org.archive.modules.ProcessorChain.process(ProcessorChain.java:131)
	at org.archive.crawler.framework.ToeThread.run(ToeThread.java:147)
 java.net.SocketTimeoutException: connect timed out: timeout set at 20000ms.
	at org.archive.modules.fetcher.HeritrixProtocolSocketFactory.createSocket(HeritrixProtocolSocketFactory.java:133)
	at org.apache.commons.httpclient.HttpConnection.open(HttpConnection.java:709)
	at org.apache.commons.httpclient.HttpMethodDirector.executeWithRetry(HttpMethodDirector.java:387)
	at org.apache.commons.httpclient.HttpMethodDirector.executeMethod(HttpMethodDirector.java:171)
	at org.apache.commons.httpclient.HttpClient.executeMethod(HttpClient.java:397)
	at org.apache.commons.httpclient.HttpClient.executeMethod(HttpClient.java:346)
	at org.archive.modules.fetcher.FetchHTTP.innerProcess(FetchHTTP.java:646)
	at org.archive.modules.Processor.innerProcessResult(Processor.java:175)
	at org.archive.modules.Processor.process(Processor.java:142)
	at org.archive.modules.fetcher.FetchHTTP.process(FetchHTTP.java:905)
	at org.archive.modules.ProcessorChain.process(ProcessorChain.java:131)
	at org.archive.crawler.framework.ToeThread.run(ToeThread.java:147)
2016-09-28T04:05:26.745Z   404       1010 http://www.sina.com.cn/:b.type= EX http://d3.sina.com.cn/litong/zhitou/sinaads/release/sinaads.js text/html #025 20160928040526683+55 sha1:UPJJJB3BXJN57F2SDRSXLKQGMONSEOZU - usingCharsetInHTML:GB2312
 java.io.FileNotFoundException: .\mirror\www.sina.com.cn\:b.type=N (文件名、目录名或卷标语法不正确。)
	at java.io.FileOutputStream.open(Native Method)
	at java.io.FileOutputStream.<init>(FileOutputStream.java:212)
	at java.io.FileOutputStream.<init>(FileOutputStream.java:165)
	at org.archive.modules.writer.MirrorWriterProcessor.writeToPath(MirrorWriterProcessor.java:734)
	at org.archive.modules.writer.MirrorWriterProcessor.innerProcess(MirrorWriterProcessor.java:416)
	at org.archive.modules.Processor.innerProcessResult(Processor.java:175)
	at org.archive.modules.Processor.process(Processor.java:142)
	at org.archive.modules.ProcessorChain.process(ProcessorChain.java:131)
	at org.archive.crawler.framework.ToeThread.run(ToeThread.java:151)
 java.io.FileNotFoundException: .\mirror\www.sina.com.cn\:b.type=N (文件名、目录名或卷标语法不正确。)
	at java.io.FileOutputStream.open(Native Method)
	at java.io.FileOutputStream.<init>(FileOutputStream.java:212)
	at java.io.FileOutputStream.<init>(FileOutputStream.java:165)
	at org.archive.modules.writer.MirrorWriterProcessor.writeToPath(MirrorWriterProcessor.java:734)
	at org.archive.modules.writer.MirrorWriterProcessor.innerProcess(MirrorWriterProcessor.java:416)
	at org.archive.modules.Processor.innerProcessResult(Processor.java:175)
	at org.archive.modules.Processor.process(Processor.java:142)
	at org.archive.modules.ProcessorChain.process(ProcessorChain.java:131)
	at org.archive.crawler.framework.ToeThread.run(ToeThread.java:151)
2016-09-28T05:35:49.557Z    -2      17484 http://www.sina.com.cn/;this.domain= EX http://i.sso.sina.com.cn/js/ssologin.js unknown #007 - - - -
 java.net.NoRouteToHostException: No route to host: connect
	at java.net.DualStackPlainSocketImpl.waitForConnect(Native Method)
	at java.net.DualStackPlainSocketImpl.socketConnect(DualStackPlainSocketImpl.java:75)
	at java.net.AbstractPlainSocketImpl.doConnect(AbstractPlainSocketImpl.java:339)
	at java.net.AbstractPlainSocketImpl.connectToAddress(AbstractPlainSocketImpl.java:200)
	at java.net.AbstractPlainSocketImpl.connect(AbstractPlainSocketImpl.java:182)
	at java.net.PlainSocketImpl.connect(PlainSocketImpl.java:157)
	at java.net.SocksSocketImpl.connect(SocksSocketImpl.java:391)
	at java.net.Socket.connect(Socket.java:579)
	at org.archive.modules.fetcher.HeritrixProtocolSocketFactory.createSocket(HeritrixProtocolSocketFactory.java:130)
	at org.apache.commons.httpclient.HttpConnection.open(HttpConnection.java:709)
	at org.apache.commons.httpclient.HttpMethodDirector.executeWithRetry(HttpMethodDirector.java:387)
	at org.apache.commons.httpclient.HttpMethodDirector.executeMethod(HttpMethodDirector.java:171)
	at org.apache.commons.httpclient.HttpClient.executeMethod(HttpClient.java:397)
	at org.apache.commons.httpclient.HttpClient.executeMethod(HttpClient.java:346)
	at org.archive.modules.fetcher.FetchHTTP.innerProcess(FetchHTTP.java:646)
	at org.archive.modules.Processor.innerProcessResult(Processor.java:175)
	at org.archive.modules.Processor.process(Processor.java:142)
	at org.archive.modules.fetcher.FetchHTTP.process(FetchHTTP.java:905)
	at org.archive.modules.ProcessorChain.process(ProcessorChain.java:131)
	at org.archive.crawler.framework.ToeThread.run(ToeThread.java:147)
 java.net.NoRouteToHostException: No route to host: connect
	at java.net.DualStackPlainSocketImpl.waitForConnect(Native Method)
	at java.net.DualStackPlainSocketImpl.socketConnect(DualStackPlainSocketImpl.java:75)
	at java.net.AbstractPlainSocketImpl.doConnect(AbstractPlainSocketImpl.java:339)
	at java.net.AbstractPlainSocketImpl.connectToAddress(AbstractPlainSocketImpl.java:200)
	at java.net.AbstractPlainSocketImpl.connect(AbstractPlainSocketImpl.java:182)
	at java.net.PlainSocketImpl.connect(PlainSocketImpl.java:157)
	at java.net.SocksSocketImpl.connect(SocksSocketImpl.java:391)
	at java.net.Socket.connect(Socket.java:579)
	at org.archive.modules.fetcher.HeritrixProtocolSocketFactory.createSocket(HeritrixProtocolSocketFactory.java:130)
	at org.apache.commons.httpclient.HttpConnection.open(HttpConnection.java:709)
	at org.apache.commons.httpclient.HttpMethodDirector.executeWithRetry(HttpMethodDirector.java:387)
	at org.apache.commons.httpclient.HttpMethodDirector.executeMethod(HttpMethodDirector.java:171)
	at org.apache.commons.httpclient.HttpClient.executeMethod(HttpClient.java:397)
	at org.apache.commons.httpclient.HttpClient.executeMethod(HttpClient.java:346)
	at org.archive.modules.fetcher.FetchHTTP.innerProcess(FetchHTTP.java:646)
	at org.archive.modules.Processor.innerProcessResult(Processor.java:175)
	at org.archive.modules.Processor.process(Processor.java:142)
	at org.archive.modules.fetcher.FetchHTTP.process(FetchHTTP.java:905)
	at org.archive.modules.ProcessorChain.process(ProcessorChain.java:131)
	at org.archive.crawler.framework.ToeThread.run(ToeThread.java:147)
2016-09-28T05:35:49.870Z    -2       1860 http://10.210.237.166/robots.txt LEEP http://10.210.237.166/video/index/styles/index_news_style.css unknown #010 - - - -
 java.net.NoRouteToHostException: No route to host: connect
	at java.net.DualStackPlainSocketImpl.waitForConnect(Native Method)
	at java.net.DualStackPlainSocketImpl.socketConnect(DualStackPlainSocketImpl.java:75)
	at java.net.AbstractPlainSocketImpl.doConnect(AbstractPlainSocketImpl.java:339)
	at java.net.AbstractPlainSocketImpl.connectToAddress(AbstractPlainSocketImpl.java:200)
	at java.net.AbstractPlainSocketImpl.connect(AbstractPlainSocketImpl.java:182)
	at java.net.PlainSocketImpl.connect(PlainSocketImpl.java:157)
	at java.net.SocksSocketImpl.connect(SocksSocketImpl.java:391)
	at java.net.Socket.connect(Socket.java:579)
	at org.archive.modules.fetcher.HeritrixProtocolSocketFactory.createSocket(HeritrixProtocolSocketFactory.java:130)
	at org.apache.commons.httpclient.HttpConnection.open(HttpConnection.java:709)
	at org.apache.commons.httpclient.HttpMethodDirector.executeWithRetry(HttpMethodDirector.java:387)
	at org.apache.commons.httpclient.HttpMethodDirector.executeMethod(HttpMethodDirector.java:171)
	at org.apache.commons.httpclient.HttpClient.executeMethod(HttpClient.java:397)
	at org.apache.commons.httpclient.HttpClient.executeMethod(HttpClient.java:346)
	at org.archive.modules.fetcher.FetchHTTP.innerProcess(FetchHTTP.java:646)
	at org.archive.modules.Processor.innerProcessResult(Processor.java:175)
	at org.archive.modules.Processor.process(Processor.java:142)
	at org.archive.modules.fetcher.FetchHTTP.process(FetchHTTP.java:905)
	at org.archive.modules.ProcessorChain.process(ProcessorChain.java:131)
	at org.archive.crawler.framework.ToeThread.run(ToeThread.java:147)
 java.net.NoRouteToHostException: No route to host: connect
	at java.net.DualStackPlainSocketImpl.waitForConnect(Native Method)
	at java.net.DualStackPlainSocketImpl.socketConnect(DualStackPlainSocketImpl.java:75)
	at java.net.AbstractPlainSocketImpl.doConnect(AbstractPlainSocketImpl.java:339)
	at java.net.AbstractPlainSocketImpl.connectToAddress(AbstractPlainSocketImpl.java:200)
	at java.net.AbstractPlainSocketImpl.connect(AbstractPlainSocketImpl.java:182)
	at java.net.PlainSocketImpl.connect(PlainSocketImpl.java:157)
	at java.net.SocksSocketImpl.connect(SocksSocketImpl.java:391)
	at java.net.Socket.connect(Socket.java:579)
	at org.archive.modules.fetcher.HeritrixProtocolSocketFactory.createSocket(HeritrixProtocolSocketFactory.java:130)
	at org.apache.commons.httpclient.HttpConnection.open(HttpConnection.java:709)
	at org.apache.commons.httpclient.HttpMethodDirector.executeWithRetry(HttpMethodDirector.java:387)
	at org.apache.commons.httpclient.HttpMethodDirector.executeMethod(HttpMethodDirector.java:171)
	at org.apache.commons.httpclient.HttpClient.executeMethod(HttpClient.java:397)
	at org.apache.commons.httpclient.HttpClient.executeMethod(HttpClient.java:346)
	at org.archive.modules.fetcher.FetchHTTP.innerProcess(FetchHTTP.java:646)
	at org.archive.modules.Processor.innerProcessResult(Processor.java:175)
	at org.archive.modules.Processor.process(Processor.java:142)
	at org.archive.modules.fetcher.FetchHTTP.process(FetchHTTP.java:905)
	at org.archive.modules.ProcessorChain.process(ProcessorChain.java:131)
	at org.archive.crawler.framework.ToeThread.run(ToeThread.java:147)
