2016-09-28T03:15:49.591Z http://www.sina.com.cn/ "http scheme specific part is too short: //" http://
2016-09-28T03:15:57.175Z http://iask.sina.com.cn/ "http scheme specific part is too short: //" http://
2016-09-28T03:15:59.071Z http://house.sina.com.cn/404.html "http scheme specific part is too short: //" http://
2016-09-28T03:16:03.220Z http://d3.sina.com.cn/litong/zhitou/sinaads/release/sinaads.js "http scheme specific part is too short: //" https://
2016-09-28T03:16:03.220Z http://d3.sina.com.cn/litong/zhitou/sinaads/release/sinaads.js "http scheme specific part is too short: //" http://
2016-09-28T03:16:03.311Z http://d1.sina.com.cn/litong/zhitou/sinaads/release/pbv5.html "gnu.inet.encoding.IDNAException: String too long. .sina" http://\.sina\.com\.cn
2016-09-28T03:16:03.312Z http://d1.sina.com.cn/litong/zhitou/sinaads/release/pbv5.html "gnu.inet.encoding.IDNAException: String too long. .weibo" http://\.weibo\.com
2016-09-28T03:16:03.312Z http://d1.sina.com.cn/litong/zhitou/sinaads/release/pbv5.html "gnu.inet.encoding.IDNAException: String too long. .sinaimg" http://\.sinaimg\.cn
2016-09-28T03:16:03.312Z http://d1.sina.com.cn/litong/zhitou/sinaads/release/pbv5.html "gnu.inet.encoding.IDNAException: String too long. .sina" http://\.sina\.com\.cn
2016-09-28T03:16:03.312Z http://d1.sina.com.cn/litong/zhitou/sinaads/release/pbv5.html "gnu.inet.encoding.IDNAException: String too long. .weibo" http://\.weibo\.com
2016-09-28T03:16:03.312Z http://d1.sina.com.cn/litong/zhitou/sinaads/release/pbv5.html "gnu.inet.encoding.IDNAException: String too long. .allyes" http://\.allyes\.com
2016-09-28T03:16:03.312Z http://d1.sina.com.cn/litong/zhitou/sinaads/release/pbv5.html "gnu.inet.encoding.IDNAException: String too long. .admaster" http://\.admaster\.com\.cn
2016-09-28T03:16:03.312Z http://d1.sina.com.cn/litong/zhitou/sinaads/release/pbv5.html "gnu.inet.encoding.IDNAException: String too long. .miaozhen" http://\.miaozhen\.com
2016-09-28T03:16:03.313Z http://d1.sina.com.cn/litong/zhitou/sinaads/release/pbv5.html "http scheme specific part is too short: //" http://
2016-09-28T03:16:03.313Z http://d1.sina.com.cn/litong/zhitou/sinaads/release/pbv5.html "http scheme specific part is too short: //" https://
2016-09-28T03:16:03.313Z http://d1.sina.com.cn/litong/zhitou/sinaads/release/pbv5.html "http scheme specific part is too short: //" http://
2016-09-28T03:16:03.719Z http://js.t.sinajs.cn/t4/apps/search_v6/js/searchIndex.js?version=20160918163000 "http scheme specific part is too short: //" http://
2016-09-28T03:16:03.723Z http://js.t.sinajs.cn/t4/apps/search_v6/js/searchIndex.js?version=20160918163000 "http scheme specific part is too short: //" http://
2016-09-28T03:16:03.740Z http://js.t.sinajs.cn/t4/apps/search_v6/js/searchIndex.js?version=20160918163000 "http scheme specific part is too short: //" https://
2016-09-28T03:16:03.740Z http://js.t.sinajs.cn/t4/apps/search_v6/js/searchIndex.js?version=20160918163000 "http scheme specific part is too short: //" http://
2016-09-28T03:16:03.745Z http://js.t.sinajs.cn/t4/apps/search_v6/js/searchIndex.js?version=20160918163000 "http scheme specific part is too short: //" https://
2016-09-28T03:16:03.745Z http://js.t.sinajs.cn/t4/apps/search_v6/js/searchIndex.js?version=20160918163000 "http scheme specific part is too short: //" http://
2016-09-28T03:16:03.756Z http://dup.baidustatic.com/js/ds.js "http scheme specific part is too short: //" http://
2016-09-28T03:16:03.756Z http://dup.baidustatic.com/js/ds.js "http scheme specific part is too short: //" http://
2016-09-28T03:16:03.756Z http://dup.baidustatic.com/js/ds.js "http scheme specific part is too short: //" https://
2016-09-28T03:16:03.757Z http://dup.baidustatic.com/js/ds.js "http scheme specific part is too short: //" https://
2016-09-28T03:16:16.537Z http://js.t.sinajs.cn/t4/apps/search_v6/js/base.js?version=20160918163000 "http scheme specific part is too short: //" http://
2016-09-28T03:16:22.036Z https://www.jd.com/ "http scheme specific part is too short: //" https://
2016-09-28T03:16:22.036Z https://www.jd.com/ "http scheme specific part is too short: //" http://
2016-09-28T03:16:44.803Z http://www.sinaimg.cn/unipro/pub/suda_s_v839c.js "http scheme specific part is too short: //" https://
2016-09-28T03:16:44.803Z http://www.sinaimg.cn/unipro/pub/suda_s_v839c.js "http scheme specific part is too short: //" http://
2016-09-28T03:16:53.902Z http://www.sinaimg.cn/unipro/pub/suda_s_v851c.js "http scheme specific part is too short: //" http://
2016-09-28T03:17:22.966Z http://www.sina.com.cn/?callback=sinaSSOManager.updateCookieCallBack "http scheme specific part is too short: //" http://
2016-09-28T03:18:58.437Z http://www.sina.com.cn/js/79/index2016/v0503/shms.js "http scheme specific part is too short: //" http://
2016-09-28T03:22:47.648Z http://www.sina.com.cn/license/map2011.html "http scheme specific part is too short: //" http://
2016-09-28T03:23:18.136Z http://www.sina.com.cn/license/map2011.html?callback=sinaSSOManager.updateCookieCallBack "http scheme specific part is too short: //" http://
2016-09-28T03:23:48.953Z http://www.sina.com.cn/mid/search.shtml?q=%E5%89%8D%E9%A6%96%E5%AF%8C%E7%89%9F%E5%85%B6%E4%B8%AD%E5%87%BA%E7%8B%B1 "http scheme specific part is too short: //" http://
2016-09-28T03:24:35.331Z http://www.sina.com.cn/mid/search.shtml?callback=sinaSSOManager.updateCookieCallBack "http scheme specific part is too short: //" http://
2016-09-28T03:25:39.680Z http://www.sina.com.cn/mid/search.shtml?q=%E5%A4%9A%E7%9C%8B%E5%A5%B3%E5%90%8C%E5%AD%A6%E8%A2%AB%E7%BE%A4%E6%AE%B4 "http scheme specific part is too short: //" http://
2016-09-28T03:37:34.664Z http://auto.sina.com.cn/ "http scheme specific part is too short: //" http://
2016-09-28T03:37:34.835Z http://d5.sina.com.cn/litong/zhitou/sinaads/release/sinaads.js "http scheme specific part is too short: //" https://
2016-09-28T03:37:34.835Z http://d5.sina.com.cn/litong/zhitou/sinaads/release/sinaads.js "http scheme specific part is too short: //" http://
2016-09-28T03:45:46.669Z http://www.sina.com.cn/mid/search.shtml?q=%E5%AE%98%E5%91%98%E9%81%AD%E5%84%BF%E5%AA%B3%E4%B8%BE%E6%8A%A5 "http scheme specific part is too short: //" http://
2016-09-28T03:46:16.761Z http://www.sina.com.cn/mid/search-list.shtml "http scheme specific part is too short: //" http://
2016-09-28T03:46:19.826Z http://www.sina.com.cn/mid/search-list.shtml?callback=sinaSSOManager.updateCookieCallBack "http scheme specific part is too short: //" http://
2016-09-28T03:46:22.884Z http://www.sina.com.cn/mid/search.shtml?q=%E5%AE%81%E5%A4%8F%E7%85%A4%E7%9F%BF%E7%88%86%E7%82%B8 "http scheme specific part is too short: //" http://
2016-09-28T03:46:25.942Z http://www.sina.com.cn/license/telecom09.html "http scheme specific part is too short: //" http://
2016-09-28T03:46:29.023Z http://www.sina.com.cn/license/telecom09.html?callback=sinaSSOManager.updateCookieCallBack "http scheme specific part is too short: //" http://
2016-09-28T03:46:32.082Z http://www.sina.com.cn/mid/search.shtml?q=%E5%82%85%E5%9B%AD%E6%85%A7%E9%87%8E%E5%A4%96%E5%90%83%E8%9B%87 "http scheme specific part is too short: //" http://
2016-09-28T03:46:35.147Z http://www.sina.com.cn/licence/4.html "http scheme specific part is too short: //" http://
2016-09-28T03:47:09.685Z http://www.sina.com.cn/licence/4.html?callback=sinaSSOManager.updateCookieCallBack "http scheme specific part is too short: //" http://
2016-09-28T03:47:43.629Z http://www.sina.com.cn/mid/search.shtml?q=%E9%87%8A%E5%B0%8F%E9%BE%99%E8%BF%91%E7%85%A7%E6%9B%9D%E5%85%89 "http scheme specific part is too short: //" http://
2016-09-28T03:47:46.681Z http://www.sina.com.cn/license/rtppl2009.html "http scheme specific part is too short: //" http://
2016-09-28T03:47:49.738Z http://www.sina.com.cn/license/rtppl2009.html?callback=sinaSSOManager.updateCookieCallBack "http scheme specific part is too short: //" http://
2016-09-28T03:47:52.801Z http://www.sina.com.cn/mid/search.shtml?q=selina%E8%A2%AB%E8%B5%B6%E5%87%BA%E5%AE%B6%E9%97%A8 "http scheme specific part is too short: //" http://
2016-09-28T03:47:55.882Z http://www.sina.com.cn/mid/hot/2016-09-27/doc-ifxwevmf2354643.shtml "http scheme specific part is too short: //" http://
2016-09-28T03:47:56.239Z http://finance.sina.com.cn/ "http scheme specific part is too short: //" http://
2016-09-28T03:47:56.266Z http://finance.sina.com.cn/ "http scheme specific part is too short: //" http://
2016-09-28T03:47:56.426Z http://d7.sina.com.cn/litong/zhitou/sinaads/release/sinaads.js "http scheme specific part is too short: //" https://
2016-09-28T03:47:56.426Z http://d7.sina.com.cn/litong/zhitou/sinaads/release/sinaads.js "http scheme specific part is too short: //" http://
2016-09-28T03:47:56.542Z http://d9.sina.com.cn/litong/zhitou/sinaads/release/sinaads.js "http scheme specific part is too short: //" https://
2016-09-28T03:47:56.542Z http://d9.sina.com.cn/litong/zhitou/sinaads/release/sinaads.js "http scheme specific part is too short: //" http://
2016-09-28T03:47:56.566Z http://d8.sina.com.cn/litong/zhitou/sinaads/release/sinaads.js "http scheme specific part is too short: //" https://
2016-09-28T03:47:56.566Z http://d8.sina.com.cn/litong/zhitou/sinaads/release/sinaads.js "http scheme specific part is too short: //" http://
2016-09-28T03:48:02.835Z http://d1.sina.com.cn/litong/zhitou/sinaads/release/sinaads.js "http scheme specific part is too short: //" https://
2016-09-28T03:48:02.835Z http://d1.sina.com.cn/litong/zhitou/sinaads/release/sinaads.js "http scheme specific part is too short: //" http://
2016-09-28T03:48:02.842Z http://d0.sina.com.cn/litong/zhitou/sinaads/release/sinaads.js "http scheme specific part is too short: //" https://
2016-09-28T03:48:02.842Z http://d0.sina.com.cn/litong/zhitou/sinaads/release/sinaads.js "http scheme specific part is too short: //" http://
2016-09-28T03:48:02.885Z http://ent.sina.com.cn/ "http scheme specific part is too short: //" http://
2016-09-28T03:48:05.925Z http://www.sina.com.cn/mid/hot/2016-09-27/doc-ifxwevmf2354643.shtml?callback=sinaSSOManager.updateCookieCallBack "http scheme specific part is too short: //" http://
2016-09-28T03:48:08.999Z http://d1.sina.com.cn/litong/zhitou/sspnew.js "gnu.inet.encoding.IDNAException: Contains non-LDH characters. ;domain=sina.com.cn" http://;domain=sina.com.cn
2016-09-28T03:48:24.157Z http://i3.sinaimg.cn/unipro/pub/suda_s_v851c.js "http scheme specific part is too short: //" http://
2016-09-28T03:49:46.960Z http://www.sina.com.cn/mid/search.shtml?q=%E5%9B%BD%E8%A1%8Cnote7%E7%AC%AC%E5%9B%9B%E7%82%B8 "http scheme specific part is too short: //" http://
2016-09-28T03:49:50.007Z http://www.sina.com.cn/license/wsxx.html "http scheme specific part is too short: //" http://
2016-09-28T03:49:53.064Z http://www.sina.com.cn/license/wsxx.html?callback=sinaSSOManager.updateCookieCallBack "http scheme specific part is too short: //" http://
2016-09-28T03:49:56.106Z http://www.sina.com.cn/mid/search.shtml?q=%E9%98%BF%E5%A4%A7%E8%91%B1%E6%B2%B9%E9%A5%BC%E8%A2%AB%E5%81%9C%E4%B8%9A "http scheme specific part is too short: //" http://
2016-09-28T03:49:59.160Z http://www.sina.com.cn/licence/yjj0031.html "http scheme specific part is too short: //" http://
2016-09-28T03:50:02.217Z http://www.sina.com.cn/licence/yjj0031.html?callback=sinaSSOManager.updateCookieCallBack "http scheme specific part is too short: //" http://
2016-09-28T03:50:05.472Z http://www.sina.com.cn/licence/www0003.html "http scheme specific part is too short: //" http://
2016-09-28T03:50:08.548Z http://www.sina.com.cn/licence/www0003.html?callback=sinaSSOManager.updateCookieCallBack "http scheme specific part is too short: //" http://
2016-09-28T03:50:11.633Z http://www.sina.com.cn/mid/search.shtml?q=%E6%9B%9D%E5%88%98%E5%BE%B7%E5%8D%8E%E5%86%8D%E5%BA%A6%E5%BD%93%E7%88%B8 "http scheme specific part is too short: //" http://
2016-09-28T03:50:14.766Z http://www.sina.com.cn/contactus.html "http scheme specific part is too short: //" http://
2016-09-28T03:50:17.894Z http://www.sina.com.cn/contactus.html?callback=sinaSSOManager.updateCookieCallBack "http scheme specific part is too short: //" http://
2016-09-28T03:50:20.970Z http://www.sina.com.cn/mid/search.shtml?q=%E5%BC%A0%E9%9B%A8%E7%BB%AE%E7%BE%8E%E8%85%BF%E7%8E%B0%E6%B7%A4%E9%9D%92 "http scheme specific part is too short: //" http://
2016-09-28T03:50:24.046Z http://www.sina.com.cn/mid/search.shtml?q=%E5%8F%B6%E7%A5%96%E6%96%B0%E5%9C%9F%E5%9C%B0%E8%A2%AB%E5%BC%BA%E5%BE%81 "http scheme specific part is too short: //" http://
2016-09-28T03:50:27.136Z http://www.sina.com.cn/license/dx000007.html "http scheme specific part is too short: //" http://
2016-09-28T03:50:30.206Z http://www.sina.com.cn/license/dx000007.html?callback=sinaSSOManager.updateCookieCallBack "http scheme specific part is too short: //" http://
2016-09-28T03:50:36.731Z http://www.sina.com.cn/mid/search.shtml?q=%E6%B8%AF%E7%8F%A0%E6%BE%B3%E5%A4%A7%E6%A1%A5%E8%B4%AF%E9%80%9A "http scheme specific part is too short: //" http://
2016-09-28T03:50:54.303Z http://www.sina.com.cn/licence/3.html "http scheme specific part is too short: //" http://
2016-09-28T03:51:03.469Z http://www.sina.com.cn/licence/3.html?callback=sinaSSOManager.updateCookieCallBack "http scheme specific part is too short: //" http://
2016-09-28T03:51:06.550Z http://www.sina.com.cn/mid/search.shtml?q=%E7%94%B7%E5%A5%B3%E6%99%AF%E7%82%B9%E6%8B%8D%E4%B8%8D%E9%9B%85%E7%85%A7 "http scheme specific part is too short: //" http://
2016-09-28T03:51:09.662Z http://www.sina.com.cn/mid/search.shtml?q=%E8%AD%A6%E6%96%B9%E5%9B%9E%E5%BA%94%E4%B8%8D%E8%BF%98%E5%B0%B8%E4%BD%93 "http scheme specific part is too short: //" http://
2016-09-28T03:51:12.759Z http://www.sina.com.cn/intro/lawfirm.shtml "http scheme specific part is too short: //" http://
2016-09-28T03:51:15.820Z http://www.sina.com.cn/intro/lawfirm.shtml?callback=sinaSSOManager.updateCookieCallBack "http scheme specific part is too short: //" http://
2016-09-28T03:51:20.170Z http://eladies.sina.com.cn/ "http scheme specific part is too short: //" http://
2016-09-28T03:51:20.220Z http://eladies.sina.com.cn/ "http scheme specific part is too short: //" http://
2016-09-28T03:51:26.000Z http://corp.sina.com.cn/ "http scheme specific part is too short: //" http://
2016-09-28T03:52:29.287Z http://www.sina.com.cn/licence/news.html "http scheme specific part is too short: //" http://
2016-09-28T03:52:32.358Z http://www.sina.com.cn/licence/news.html?callback=sinaSSOManager.updateCookieCallBack "http scheme specific part is too short: //" http://
2016-09-28T03:52:35.413Z http://www.sina.com.cn/intro/copyright.shtml "http scheme specific part is too short: //" http://
2016-09-28T03:52:37.684Z http://corp.sina.com.cn/chn/copyright.html "http scheme specific part is too short: //" http://
2016-09-28T03:52:38.488Z http://www.sina.com.cn/mid/search.shtml?q=%E5%A5%B3%E5%AD%90%E7%BB%91%E7%A0%96%E6%B2%89%E6%B2%B3%E6%A1%88 "http scheme specific part is too short: //" http://
2016-09-28T05:36:53.146Z http://news.sina.com.cn/hotnews/ "http scheme specific part is too short: //" http://
