2016-10-08T05:04:48.549Z http://www.datatang.com/data/510 "http scheme specific part is too short: //" https://
2016-10-08T05:04:48.550Z http://www.datatang.com/data/510 "http scheme specific part is too short: //" http://
2016-10-08T05:04:48.551Z http://www.datatang.com/data/510 "http scheme specific part is too short: //" https://
2016-10-08T05:04:48.551Z http://www.datatang.com/data/510 "http scheme specific part is too short: //" http://
2016-10-08T05:05:31.674Z http://www.datatang.com/data/511 "http scheme specific part is too short: //" https://
2016-10-08T05:05:31.674Z http://www.datatang.com/data/511 "http scheme specific part is too short: //" http://
2016-10-08T05:05:31.675Z http://www.datatang.com/data/511 "http scheme specific part is too short: //" https://
2016-10-08T05:05:31.676Z http://www.datatang.com/data/511 "http scheme specific part is too short: //" http://
2016-10-08T05:05:48.864Z https://wwwimages2.adobe.com/uber/js/pdc_s_code.js "http scheme specific part is too short: //" https://
2016-10-08T05:05:48.864Z https://wwwimages2.adobe.com/uber/js/pdc_s_code.js "http scheme specific part is too short: //" http://
2016-10-08T05:05:55.855Z https://assets.adobedtm.com/659ec8ada5450db95675e43beaaae92399591a11/satelliteLib-7123a14bc11ffd1ad43be190a593a8932494dcb0.js "http scheme specific part is too short: //" https://
2016-10-08T05:05:55.862Z https://assets.adobedtm.com/659ec8ada5450db95675e43beaaae92399591a11/satelliteLib-7123a14bc11ffd1ad43be190a593a8932494dcb0.js "http scheme specific part is too short: //" https://
2016-10-08T05:05:55.862Z https://assets.adobedtm.com/659ec8ada5450db95675e43beaaae92399591a11/satelliteLib-7123a14bc11ffd1ad43be190a593a8932494dcb0.js "http scheme specific part is too short: //" http://
2016-10-08T05:05:55.890Z https://assets.adobedtm.com/659ec8ada5450db95675e43beaaae92399591a11/satelliteLib-7123a14bc11ffd1ad43be190a593a8932494dcb0.js "http scheme specific part is too short: //" http://
2016-10-08T05:05:55.890Z https://assets.adobedtm.com/659ec8ada5450db95675e43beaaae92399591a11/satelliteLib-7123a14bc11ffd1ad43be190a593a8932494dcb0.js "http scheme specific part is too short: //" https://
2016-10-08T05:05:55.892Z https://assets.adobedtm.com/659ec8ada5450db95675e43beaaae92399591a11/satelliteLib-7123a14bc11ffd1ad43be190a593a8932494dcb0.js "http scheme specific part is too short: //" https://
2016-10-08T05:05:55.892Z https://assets.adobedtm.com/659ec8ada5450db95675e43beaaae92399591a11/satelliteLib-7123a14bc11ffd1ad43be190a593a8932494dcb0.js "http scheme specific part is too short: //" http://
2016-10-08T05:05:55.897Z https://assets.adobedtm.com/659ec8ada5450db95675e43beaaae92399591a11/satelliteLib-7123a14bc11ffd1ad43be190a593a8932494dcb0.js "http scheme specific part is too short: //" https://
2016-10-08T05:05:55.898Z https://assets.adobedtm.com/659ec8ada5450db95675e43beaaae92399591a11/satelliteLib-7123a14bc11ffd1ad43be190a593a8932494dcb0.js "http scheme specific part is too short: //" https://
2016-10-08T05:05:55.898Z https://assets.adobedtm.com/659ec8ada5450db95675e43beaaae92399591a11/satelliteLib-7123a14bc11ffd1ad43be190a593a8932494dcb0.js "http scheme specific part is too short: //" http://
2016-10-08T05:05:55.905Z https://assets.adobedtm.com/659ec8ada5450db95675e43beaaae92399591a11/satelliteLib-7123a14bc11ffd1ad43be190a593a8932494dcb0.js "http scheme specific part is too short: //" http://
2016-10-08T05:05:55.909Z https://assets.adobedtm.com/659ec8ada5450db95675e43beaaae92399591a11/satelliteLib-7123a14bc11ffd1ad43be190a593a8932494dcb0.js "http scheme specific part is too short: //" https://
2016-10-08T05:05:55.909Z https://assets.adobedtm.com/659ec8ada5450db95675e43beaaae92399591a11/satelliteLib-7123a14bc11ffd1ad43be190a593a8932494dcb0.js "http scheme specific part is too short: //" http://
2016-10-08T05:06:02.422Z http://www.datatang.com/data/503 "http scheme specific part is too short: //" https://
2016-10-08T05:06:02.422Z http://www.datatang.com/data/503 "http scheme specific part is too short: //" http://
2016-10-08T05:06:02.423Z http://www.datatang.com/data/503 "http scheme specific part is too short: //" https://
2016-10-08T05:06:02.423Z http://www.datatang.com/data/503 "http scheme specific part is too short: //" http://
2016-10-08T05:06:32.987Z http://www.datatang.com/data/504 "http scheme specific part is too short: //" https://
2016-10-08T05:06:32.987Z http://www.datatang.com/data/504 "http scheme specific part is too short: //" http://
2016-10-08T05:06:32.988Z http://www.datatang.com/data/504 "http scheme specific part is too short: //" https://
2016-10-08T05:06:32.988Z http://www.datatang.com/data/504 "http scheme specific part is too short: //" http://
2016-10-08T05:06:58.999Z http://www.microsoft.com/zh-cn "http scheme specific part is too short: //" https://
2016-10-08T05:07:08.174Z http://www.datatang.com/data/502 "http scheme specific part is too short: //" https://
2016-10-08T05:07:08.174Z http://www.datatang.com/data/502 "http scheme specific part is too short: //" http://
2016-10-08T05:07:08.175Z http://www.datatang.com/data/502 "http scheme specific part is too short: //" https://
2016-10-08T05:07:08.175Z http://www.datatang.com/data/502 "http scheme specific part is too short: //" http://
2016-10-08T05:07:38.745Z http://www.datatang.com/data/507 "http scheme specific part is too short: //" https://
2016-10-08T05:07:38.745Z http://www.datatang.com/data/507 "http scheme specific part is too short: //" http://
2016-10-08T05:07:38.745Z http://www.datatang.com/data/507 "http scheme specific part is too short: //" https://
2016-10-08T05:07:38.745Z http://www.datatang.com/data/507 "http scheme specific part is too short: //" http://
2016-10-08T05:08:09.211Z http://www.datatang.com/data/508 "http scheme specific part is too short: //" https://
2016-10-08T05:08:09.211Z http://www.datatang.com/data/508 "http scheme specific part is too short: //" http://
2016-10-08T05:08:09.212Z http://www.datatang.com/data/508 "http scheme specific part is too short: //" https://
2016-10-08T05:08:09.212Z http://www.datatang.com/data/508 "http scheme specific part is too short: //" http://
2016-10-08T05:08:39.595Z http://www.datatang.com/data/505 "http scheme specific part is too short: //" https://
2016-10-08T05:08:39.595Z http://www.datatang.com/data/505 "http scheme specific part is too short: //" http://
2016-10-08T05:08:39.595Z http://www.datatang.com/data/505 "http scheme specific part is too short: //" https://
2016-10-08T05:08:39.595Z http://www.datatang.com/data/505 "http scheme specific part is too short: //" http://
2016-10-08T05:09:09.913Z http://www.datatang.com/data/506 "http scheme specific part is too short: //" https://
2016-10-08T05:09:09.913Z http://www.datatang.com/data/506 "http scheme specific part is too short: //" http://
2016-10-08T05:09:09.914Z http://www.datatang.com/data/506 "http scheme specific part is too short: //" https://
2016-10-08T05:09:09.914Z http://www.datatang.com/data/506 "http scheme specific part is too short: //" http://
2016-10-08T05:09:40.524Z http://www.datatang.com/data/509 "http scheme specific part is too short: //" https://
2016-10-08T05:09:40.524Z http://www.datatang.com/data/509 "http scheme specific part is too short: //" http://
2016-10-08T05:09:40.525Z http://www.datatang.com/data/509 "http scheme specific part is too short: //" https://
2016-10-08T05:09:40.525Z http://www.datatang.com/data/509 "http scheme specific part is too short: //" http://
2016-10-08T05:13:29.304Z http://www.datatang.com/data/28255 "http scheme specific part is too short: //" https://
2016-10-08T05:13:29.304Z http://www.datatang.com/data/28255 "http scheme specific part is too short: //" http://
2016-10-08T05:13:29.304Z http://www.datatang.com/data/28255 "http scheme specific part is too short: //" https://
2016-10-08T05:13:29.304Z http://www.datatang.com/data/28255 "http scheme specific part is too short: //" http://
2016-10-08T05:36:00.997Z http://www.datatang.com/data/28410 "http scheme specific part is too short: //" https://
2016-10-08T05:36:00.997Z http://www.datatang.com/data/28410 "http scheme specific part is too short: //" http://
2016-10-08T05:36:00.998Z http://www.datatang.com/data/28410 "http scheme specific part is too short: //" https://
2016-10-08T05:36:00.998Z http://www.datatang.com/data/28410 "http scheme specific part is too short: //" http://
2016-10-08T05:36:31.481Z http://www.datatang.com/data/28847 "http scheme specific part is too short: //" https://
2016-10-08T05:36:31.481Z http://www.datatang.com/data/28847 "http scheme specific part is too short: //" http://
2016-10-08T05:36:31.481Z http://www.datatang.com/data/28847 "http scheme specific part is too short: //" https://
2016-10-08T05:36:31.481Z http://www.datatang.com/data/28847 "http scheme specific part is too short: //" http://
2016-10-08T05:37:05.118Z http://www.datatang.com/data/28843 "http scheme specific part is too short: //" https://
2016-10-08T05:37:05.118Z http://www.datatang.com/data/28843 "http scheme specific part is too short: //" http://
2016-10-08T05:37:05.118Z http://www.datatang.com/data/28843 "http scheme specific part is too short: //" https://
2016-10-08T05:37:05.118Z http://www.datatang.com/data/28843 "http scheme specific part is too short: //" http://
2016-10-08T05:37:54.189Z http://www.datatang.com/data/28723 "http scheme specific part is too short: //" https://
2016-10-08T05:37:54.190Z http://www.datatang.com/data/28723 "http scheme specific part is too short: //" http://
2016-10-08T05:37:54.190Z http://www.datatang.com/data/28723 "http scheme specific part is too short: //" https://
2016-10-08T05:37:54.190Z http://www.datatang.com/data/28723 "http scheme specific part is too short: //" http://
2016-10-08T05:38:24.603Z http://www.datatang.com/data/28466 "http scheme specific part is too short: //" https://
2016-10-08T05:38:24.603Z http://www.datatang.com/data/28466 "http scheme specific part is too short: //" http://
2016-10-08T05:38:24.603Z http://www.datatang.com/data/28466 "http scheme specific part is too short: //" https://
2016-10-08T05:38:24.603Z http://www.datatang.com/data/28466 "http scheme specific part is too short: //" http://
2016-10-08T05:38:55.072Z http://www.datatang.com/data/28468 "http scheme specific part is too short: //" https://
2016-10-08T05:38:55.072Z http://www.datatang.com/data/28468 "http scheme specific part is too short: //" http://
2016-10-08T05:38:55.072Z http://www.datatang.com/data/28468 "http scheme specific part is too short: //" https://
2016-10-08T05:38:55.072Z http://www.datatang.com/data/28468 "http scheme specific part is too short: //" http://
2016-10-08T05:39:25.478Z http://www.datatang.com/data/28463 "http scheme specific part is too short: //" https://
2016-10-08T05:39:25.478Z http://www.datatang.com/data/28463 "http scheme specific part is too short: //" http://
2016-10-08T05:39:25.478Z http://www.datatang.com/data/28463 "http scheme specific part is too short: //" https://
2016-10-08T05:39:25.478Z http://www.datatang.com/data/28463 "http scheme specific part is too short: //" http://
2016-10-08T05:39:55.810Z http://www.datatang.com/data/28462 "http scheme specific part is too short: //" https://
2016-10-08T05:39:55.810Z http://www.datatang.com/data/28462 "http scheme specific part is too short: //" http://
2016-10-08T05:39:55.811Z http://www.datatang.com/data/28462 "http scheme specific part is too short: //" https://
2016-10-08T05:39:55.811Z http://www.datatang.com/data/28462 "http scheme specific part is too short: //" http://
2016-10-08T05:40:26.234Z http://www.datatang.com/data/28465 "http scheme specific part is too short: //" https://
2016-10-08T05:40:26.234Z http://www.datatang.com/data/28465 "http scheme specific part is too short: //" http://
2016-10-08T05:40:26.235Z http://www.datatang.com/data/28465 "http scheme specific part is too short: //" https://
2016-10-08T05:40:26.235Z http://www.datatang.com/data/28465 "http scheme specific part is too short: //" http://
2016-10-08T05:40:56.607Z http://www.datatang.com/data/28464 "http scheme specific part is too short: //" https://
2016-10-08T05:40:56.607Z http://www.datatang.com/data/28464 "http scheme specific part is too short: //" http://
2016-10-08T05:40:56.607Z http://www.datatang.com/data/28464 "http scheme specific part is too short: //" https://
2016-10-08T05:40:56.607Z http://www.datatang.com/data/28464 "http scheme specific part is too short: //" http://
2016-10-08T07:06:03.928Z http://www.datatang.com/data/3781 "http scheme specific part is too short: //" https://
2016-10-08T07:06:03.928Z http://www.datatang.com/data/3781 "http scheme specific part is too short: //" http://
2016-10-08T07:06:03.929Z http://www.datatang.com/data/3781 "http scheme specific part is too short: //" https://
2016-10-08T07:06:03.929Z http://www.datatang.com/data/3781 "http scheme specific part is too short: //" http://
2016-10-08T07:13:14.036Z http://www.datatang.com/data/2866 "http scheme specific part is too short: //" https://
2016-10-08T07:13:14.036Z http://www.datatang.com/data/2866 "http scheme specific part is too short: //" http://
2016-10-08T07:13:14.036Z http://www.datatang.com/data/2866 "http scheme specific part is too short: //" https://
2016-10-08T07:13:14.036Z http://www.datatang.com/data/2866 "http scheme specific part is too short: //" http://
2016-10-08T07:13:44.494Z http://www.datatang.com/data/2820 "http scheme specific part is too short: //" https://
2016-10-08T07:13:44.494Z http://www.datatang.com/data/2820 "http scheme specific part is too short: //" http://
2016-10-08T07:13:44.494Z http://www.datatang.com/data/2820 "http scheme specific part is too short: //" https://
2016-10-08T07:13:44.495Z http://www.datatang.com/data/2820 "http scheme specific part is too short: //" http://
2016-10-08T07:24:05.277Z http://www.datatang.com/data/11703 "http scheme specific part is too short: //" https://
2016-10-08T07:24:05.277Z http://www.datatang.com/data/11703 "http scheme specific part is too short: //" http://
2016-10-08T07:24:05.278Z http://www.datatang.com/data/11703 "http scheme specific part is too short: //" https://
2016-10-08T07:24:05.278Z http://www.datatang.com/data/11703 "http scheme specific part is too short: //" http://
2016-10-08T07:25:30.501Z http://www.datatang.com/data/11775 "http scheme specific part is too short: //" https://
2016-10-08T07:25:30.501Z http://www.datatang.com/data/11775 "http scheme specific part is too short: //" http://
2016-10-08T07:25:30.501Z http://www.datatang.com/data/11775 "http scheme specific part is too short: //" https://
2016-10-08T07:25:30.501Z http://www.datatang.com/data/11775 "http scheme specific part is too short: //" http://
2016-10-08T07:26:25.396Z http://www.datatang.com/data/11776 "http scheme specific part is too short: //" https://
2016-10-08T07:26:25.396Z http://www.datatang.com/data/11776 "http scheme specific part is too short: //" http://
2016-10-08T07:26:25.397Z http://www.datatang.com/data/11776 "http scheme specific part is too short: //" https://
2016-10-08T07:26:25.397Z http://www.datatang.com/data/11776 "http scheme specific part is too short: //" http://
2016-10-08T07:26:58.896Z http://www.datatang.com/data/28669 "http scheme specific part is too short: //" https://
2016-10-08T07:26:58.896Z http://www.datatang.com/data/28669 "http scheme specific part is too short: //" http://
2016-10-08T07:26:58.896Z http://www.datatang.com/data/28669 "http scheme specific part is too short: //" https://
2016-10-08T07:26:58.896Z http://www.datatang.com/data/28669 "http scheme specific part is too short: //" http://
2016-10-08T07:27:29.367Z http://www.datatang.com/data/11697 "http scheme specific part is too short: //" https://
2016-10-08T07:27:29.367Z http://www.datatang.com/data/11697 "http scheme specific part is too short: //" http://
2016-10-08T07:27:29.368Z http://www.datatang.com/data/11697 "http scheme specific part is too short: //" https://
2016-10-08T07:27:29.368Z http://www.datatang.com/data/11697 "http scheme specific part is too short: //" http://
2016-10-08T07:28:03.113Z http://www.datatang.com/data/11663 "http scheme specific part is too short: //" https://
2016-10-08T07:28:03.113Z http://www.datatang.com/data/11663 "http scheme specific part is too short: //" http://
2016-10-08T07:28:03.114Z http://www.datatang.com/data/11663 "http scheme specific part is too short: //" https://
2016-10-08T07:28:03.114Z http://www.datatang.com/data/11663 "http scheme specific part is too short: //" http://
2016-10-08T07:28:33.907Z http://www.datatang.com/data/11662 "http scheme specific part is too short: //" https://
2016-10-08T07:28:33.907Z http://www.datatang.com/data/11662 "http scheme specific part is too short: //" http://
2016-10-08T07:28:33.908Z http://www.datatang.com/data/11662 "http scheme specific part is too short: //" https://
2016-10-08T07:28:33.908Z http://www.datatang.com/data/11662 "http scheme specific part is too short: //" http://
2016-10-08T07:29:07.352Z http://www.datatang.com/data/11664 "http scheme specific part is too short: //" https://
2016-10-08T07:29:07.352Z http://www.datatang.com/data/11664 "http scheme specific part is too short: //" http://
2016-10-08T07:29:07.353Z http://www.datatang.com/data/11664 "http scheme specific part is too short: //" https://
2016-10-08T07:29:07.353Z http://www.datatang.com/data/11664 "http scheme specific part is too short: //" http://
2016-10-08T07:30:21.027Z http://www.datatang.com/data/11661 "http scheme specific part is too short: //" https://
2016-10-08T07:30:21.027Z http://www.datatang.com/data/11661 "http scheme specific part is too short: //" http://
2016-10-08T07:30:21.027Z http://www.datatang.com/data/11661 "http scheme specific part is too short: //" https://
2016-10-08T07:30:21.028Z http://www.datatang.com/data/11661 "http scheme specific part is too short: //" http://
2016-10-08T08:54:00.723Z http://www.datatang.com/data/28929 "http scheme specific part is too short: //" https://
2016-10-08T08:54:00.723Z http://www.datatang.com/data/28929 "http scheme specific part is too short: //" http://
2016-10-08T08:54:00.723Z http://www.datatang.com/data/28929 "http scheme specific part is too short: //" https://
2016-10-08T08:54:00.723Z http://www.datatang.com/data/28929 "http scheme specific part is too short: //" http://
2016-10-08T08:54:34.227Z http://www.datatang.com/data/28928 "http scheme specific part is too short: //" https://
2016-10-08T08:54:34.227Z http://www.datatang.com/data/28928 "http scheme specific part is too short: //" http://
2016-10-08T08:54:34.228Z http://www.datatang.com/data/28928 "http scheme specific part is too short: //" https://
2016-10-08T08:54:34.228Z http://www.datatang.com/data/28928 "http scheme specific part is too short: //" http://
2016-10-08T08:56:39.484Z http://www.datatang.com/data/28930 "http scheme specific part is too short: //" https://
2016-10-08T08:56:39.484Z http://www.datatang.com/data/28930 "http scheme specific part is too short: //" http://
2016-10-08T08:56:39.484Z http://www.datatang.com/data/28930 "http scheme specific part is too short: //" https://
2016-10-08T08:56:39.484Z http://www.datatang.com/data/28930 "http scheme specific part is too short: //" http://
2016-10-08T08:57:09.919Z http://www.datatang.com/data/28931 "http scheme specific part is too short: //" https://
2016-10-08T08:57:09.919Z http://www.datatang.com/data/28931 "http scheme specific part is too short: //" http://
2016-10-08T08:57:09.920Z http://www.datatang.com/data/28931 "http scheme specific part is too short: //" https://
2016-10-08T08:57:09.920Z http://www.datatang.com/data/28931 "http scheme specific part is too short: //" http://
2016-10-08T09:02:27.333Z http://www.datatang.com/data/28269 "http scheme specific part is too short: //" https://
2016-10-08T09:02:27.333Z http://www.datatang.com/data/28269 "http scheme specific part is too short: //" http://
2016-10-08T09:02:27.333Z http://www.datatang.com/data/28269 "http scheme specific part is too short: //" https://
2016-10-08T09:02:27.333Z http://www.datatang.com/data/28269 "http scheme specific part is too short: //" http://
2016-10-08T09:34:15.685Z http://www.datatang.com/data/28268 "http scheme specific part is too short: //" https://
2016-10-08T09:34:15.685Z http://www.datatang.com/data/28268 "http scheme specific part is too short: //" http://
2016-10-08T09:34:15.686Z http://www.datatang.com/data/28268 "http scheme specific part is too short: //" https://
2016-10-08T09:34:15.686Z http://www.datatang.com/data/28268 "http scheme specific part is too short: //" http://
2016-10-08T09:44:55.535Z http://www.datatang.com/data/28263 "http scheme specific part is too short: //" https://
2016-10-08T09:44:55.535Z http://www.datatang.com/data/28263 "http scheme specific part is too short: //" http://
2016-10-08T09:44:55.536Z http://www.datatang.com/data/28263 "http scheme specific part is too short: //" https://
2016-10-08T09:44:55.536Z http://www.datatang.com/data/28263 "http scheme specific part is too short: //" http://
2016-10-08T10:33:43.536Z http://www.datatang.com/data/28411 "http scheme specific part is too short: //" https://
2016-10-08T10:33:43.536Z http://www.datatang.com/data/28411 "http scheme specific part is too short: //" http://
2016-10-08T10:33:43.536Z http://www.datatang.com/data/28411 "http scheme specific part is too short: //" https://
2016-10-08T10:33:43.536Z http://www.datatang.com/data/28411 "http scheme specific part is too short: //" http://
2016-10-08T10:34:44.603Z http://www.datatang.com/data/28388 "http scheme specific part is too short: //" https://
2016-10-08T10:34:44.603Z http://www.datatang.com/data/28388 "http scheme specific part is too short: //" http://
2016-10-08T10:34:44.603Z http://www.datatang.com/data/28388 "http scheme specific part is too short: //" https://
2016-10-08T10:34:44.603Z http://www.datatang.com/data/28388 "http scheme specific part is too short: //" http://
2016-10-08T10:35:30.266Z http://www.datatang.com/data/28408 "http scheme specific part is too short: //" https://
2016-10-08T10:35:30.266Z http://www.datatang.com/data/28408 "http scheme specific part is too short: //" http://
2016-10-08T10:35:30.269Z http://www.datatang.com/data/28408 "http scheme specific part is too short: //" https://
2016-10-08T10:35:30.269Z http://www.datatang.com/data/28408 "http scheme specific part is too short: //" http://
2016-10-08T10:42:59.721Z http://www.datatang.com/data/28959 "http scheme specific part is too short: //" https://
2016-10-08T10:42:59.721Z http://www.datatang.com/data/28959 "http scheme specific part is too short: //" http://
2016-10-08T10:42:59.721Z http://www.datatang.com/data/28959 "http scheme specific part is too short: //" https://
2016-10-08T10:42:59.721Z http://www.datatang.com/data/28959 "http scheme specific part is too short: //" http://
2016-10-08T10:45:11.858Z http://www.datatang.com/data/28962 "http scheme specific part is too short: //" https://
2016-10-08T10:45:11.858Z http://www.datatang.com/data/28962 "http scheme specific part is too short: //" http://
2016-10-08T10:45:11.858Z http://www.datatang.com/data/28962 "http scheme specific part is too short: //" https://
2016-10-08T10:45:11.858Z http://www.datatang.com/data/28962 "http scheme specific part is too short: //" http://
2016-10-08T10:45:42.364Z http://www.datatang.com/data/28964 "http scheme specific part is too short: //" https://
2016-10-08T10:45:42.364Z http://www.datatang.com/data/28964 "http scheme specific part is too short: //" http://
2016-10-08T10:45:42.365Z http://www.datatang.com/data/28964 "http scheme specific part is too short: //" https://
2016-10-08T10:45:42.365Z http://www.datatang.com/data/28964 "http scheme specific part is too short: //" http://
2016-10-08T10:46:12.755Z http://www.datatang.com/data/28963 "http scheme specific part is too short: //" https://
2016-10-08T10:46:12.755Z http://www.datatang.com/data/28963 "http scheme specific part is too short: //" http://
2016-10-08T10:46:12.755Z http://www.datatang.com/data/28963 "http scheme specific part is too short: //" https://
2016-10-08T10:46:12.755Z http://www.datatang.com/data/28963 "http scheme specific part is too short: //" http://
2016-10-08T10:46:58.706Z http://www.datatang.com/data/28965 "http scheme specific part is too short: //" https://
2016-10-08T10:46:58.706Z http://www.datatang.com/data/28965 "http scheme specific part is too short: //" http://
2016-10-08T10:46:58.707Z http://www.datatang.com/data/28965 "http scheme specific part is too short: //" https://
2016-10-08T10:46:58.707Z http://www.datatang.com/data/28965 "http scheme specific part is too short: //" http://
2016-10-08T10:55:51.173Z http://www.datatang.com/data/28955 "http scheme specific part is too short: //" https://
2016-10-08T10:55:51.174Z http://www.datatang.com/data/28955 "http scheme specific part is too short: //" http://
2016-10-08T10:55:51.175Z http://www.datatang.com/data/28955 "http scheme specific part is too short: //" https://
2016-10-08T10:55:51.175Z http://www.datatang.com/data/28955 "http scheme specific part is too short: //" http://
2016-10-08T10:56:24.618Z http://www.datatang.com/data/28957 "http scheme specific part is too short: //" https://
2016-10-08T10:56:24.618Z http://www.datatang.com/data/28957 "http scheme specific part is too short: //" http://
2016-10-08T10:56:24.619Z http://www.datatang.com/data/28957 "http scheme specific part is too short: //" https://
2016-10-08T10:56:24.619Z http://www.datatang.com/data/28957 "http scheme specific part is too short: //" http://
